[2015.10.15-21.15.07:276][  0]Log file open, 10/15/15 23:15:07
[2015.10.15-21.15.07:276][  0]LogInit:Display: Running engine for game: FPS_Game
[2015.10.15-21.15.07:276][  0]LogInit:Display: RandInit(-50622900) SRandInit(-50622900).
[2015.10.15-21.15.07:276][  0]LogTaskGraph: Started task graph with 4 named threads and 5 total threads.
[2015.10.15-21.15.07:276][  0]LogStats: Stats thread started
[2015.10.15-21.15.07:276][  0]LogInit: Version: 4.8.3-2634408+++depot+UE4-Releases+4.8
[2015.10.15-21.15.07:276][  0]LogInit: API Version: 2579680
[2015.10.15-21.15.07:276][  0]LogInit: Compiled (64-bit): Jul 27 2015 16:24:33
[2015.10.15-21.15.07:276][  0]LogInit: Compiled with Visual C++: 18.00.21005.01
[2015.10.15-21.15.07:276][  0]LogInit: Build Configuration: Development
[2015.10.15-21.15.07:276][  0]LogInit: Branch Name: ++depot+UE4-Releases+4.8
[2015.10.15-21.15.07:276][  0]LogInit: Command line: 
[2015.10.15-21.15.07:276][  0]LogInit: Base directory: C:/Program Files/Epic Games/4.8/Engine/Binaries/Win64/
[2015.10.15-21.15.07:276][  0]LogInit: Rocket: 1
[2015.10.15-21.15.07:299][  0]LogInit: Using libcurl 7.41.0
[2015.10.15-21.15.07:299][  0]LogInit:  - built for x86_64-pc-win32
[2015.10.15-21.15.07:299][  0]LogInit:  - supports SSL with WinSSL
[2015.10.15-21.15.07:299][  0]LogInit:  - other features:
[2015.10.15-21.15.07:299][  0]LogInit:      CURL_VERSION_SSL
[2015.10.15-21.15.07:299][  0]LogInit:      CURL_VERSION_IPV6
[2015.10.15-21.15.07:299][  0]LogInit:      CURL_VERSION_ASYNCHDNS
[2015.10.15-21.15.07:299][  0]LogInit:      CURL_VERSION_LARGEFILE
[2015.10.15-21.15.07:299][  0]LogInit:      CURL_VERSION_IDN
[2015.10.15-21.15.07:299][  0]LogInit:  CurlRequestOptions (configurable via config and command line):
[2015.10.15-21.15.07:299][  0]LogInit:  - bVerifyPeer = true  - Libcurl will verify peer certificate
[2015.10.15-21.15.07:299][  0]LogInit:  - bUseHttpProxy = false  - Libcurl will NOT use HTTP proxy
[2015.10.15-21.15.07:299][  0]LogInit:  - bDontReuseConnections = false  - Libcurl will reuse connections
[2015.10.15-21.15.07:299][  0]LogInit:  - CertBundlePath = nullptr  - Libcurl will use whatever was configured at build time.
[2015.10.15-21.15.07:326][  0]LogOnline:Warning: No default platform service specified for OnlineSubsystem
[2015.10.15-21.15.07:356][  0]LogInit: Presizing for 0 objects not considered by GC, pre-allocating 0 bytes.
[2015.10.15-21.15.07:371][  0]LogInit: Object subsystem initialized
[2015.10.15-21.15.07:373][  0]LogConsoleResponse:Warning: Skipping Unknown console variable: 'TranslucentSortAxis = (X=0.000000,Y=-1.000000,Z=0.000000)'
[2015.10.15-21.15.07:373][  0]LogConsoleResponse:Warning:   Found in ini file 'C:/Users/mrcmo/Documents/Unreal Projects/FPS_Game/Saved/Config/Windows/Engine.ini', in section '[/Script/Engine.RendererSettings]'
[2015.10.15-21.15.07:373][  0]LogConsoleResponse:Warning: Skipping Unknown console variable: 'UIScaleRule = ShortestSide'
[2015.10.15-21.15.07:373][  0]LogConsoleResponse:Warning:   Found in ini file 'C:/Users/mrcmo/Documents/Unreal Projects/FPS_Game/Saved/Config/Windows/Engine.ini', in section '[/Script/Engine.RendererSettings]'
[2015.10.15-21.15.07:373][  0]LogConsoleResponse:Warning: Skipping Unknown console variable: 'UIScaleCurve = (EditorCurveData=(Keys=),ExternalCurve=None)'
[2015.10.15-21.15.07:373][  0]LogConsoleResponse:Warning:   Found in ini file 'C:/Users/mrcmo/Documents/Unreal Projects/FPS_Game/Saved/Config/Windows/Engine.ini', in section '[/Script/Engine.RendererSettings]'
[2015.10.15-21.15.07:374][  0]LogInit: Selected Device Profile: [Windows]
[2015.10.15-21.15.07:374][  0]LogInit: Applying CVar settings loaded from the selected device profile: [Windows]
[2015.10.15-21.15.07:390][  0]LogInit: Computer: DESKTOP-6RAQE7I
[2015.10.15-21.15.07:390][  0]LogInit: User: mrcmo
[2015.10.15-21.15.07:390][  0]LogInit: CPU Page size=4096, Cores=2
[2015.10.15-21.15.07:390][  0]LogInit: High frequency timer resolution =2.435884 MHz
[2015.10.15-21.15.07:390][  0]LogMemory: Memory total: Physical=7.9GB (8GB approx)
[2015.10.15-21.15.07:390][  0]LogMemory: Platform Memory Stats for Windows
[2015.10.15-21.15.07:390][  0]LogMemory: Process Physical Memory: 50.39 MB used, 50.39 MB peak
[2015.10.15-21.15.07:390][  0]LogMemory: Process Virtual Memory: 24.81 MB used, 24.81 MB peak
[2015.10.15-21.15.07:390][  0]LogMemory: Physical Memory: 3607.47 MB used, 8077.84 MB total
[2015.10.15-21.15.07:390][  0]LogMemory: Virtual Memory: 311.62 MB used, 134217728.00 MB total
[2015.10.15-21.15.07:422][  0]LogTextLocalizationManager: The requested culture ('pl_PL') has no localization data; falling back to 'en' for localization and internationalization data.
[2015.10.15-21.15.07:809][  0]LogTextLocalizationManager:Warning: Loaded localization resources contain conflicting entries for (Namespace:ContentBrowser, Key:ImportAssetToolTip):
Localization Resource: (C:/Program Files/Epic Games/4.8/Engine/Content/Localization/Editor/en/Editor.locres) Source String Hash: (-630476809) Localized String: (Import to {0}...)
Localization Resource: (C:/Program Files/Epic Games/4.8/Engine/Content/Localization/Editor/en/Editor.locres) Source String Hash: (1271782899) Localized String: (Imports an asset from file to this folder.)
[2015.10.15-21.15.08:551][  0]LogD3D11RHI: Found D3D11 adapter 0: NVIDIA GeForce GT 630M     (Feature Level 11_0)
[2015.10.15-21.15.08:551][  0]LogD3D11RHI: Adapter has 1996MB of dedicated video memory, 0MB of dedicated system memory, and 2047MB of shared system memory, 1 output[s]
[2015.10.15-21.15.08:576][  0]LogD3D11RHI: Found D3D11 adapter 1: NVIDIA GeForce GT 630M     (Feature Level 11_0)
[2015.10.15-21.15.08:577][  0]LogD3D11RHI: Adapter has 1996MB of dedicated video memory, 0MB of dedicated system memory, and 2047MB of shared system memory, 0 output[s]
[2015.10.15-21.15.08:580][  0]LogD3D11RHI: Found D3D11 adapter 2: Microsoft Basic Render Driver (Feature Level 11_0)
[2015.10.15-21.15.08:580][  0]LogD3D11RHI: Adapter has 1996MB of dedicated video memory, 0MB of dedicated system memory, and 2047MB of shared system memory, 0 output[s]
[2015.10.15-21.15.08:580][  0]LogD3D11RHI: Chosen D3D11 Adapter Id = 0
[2015.10.15-21.15.08:589][  0]LogD3D11RHI: InitD3DDevice
[2015.10.15-21.15.08:589][  0]LogD3D11RHI: !Direct3DDevice
[2015.10.15-21.15.08:589][  0]LogRHI: Texture pool is 1361 MB (70% of 1945 MB)
[2015.10.15-21.15.08:605][  0]LogD3D11RHI: Async texture creation enabled
[2015.10.15-21.15.08:624][  0]LogShaderCompilers:Display: Using Local Shader Compiler.
[2015.10.15-21.15.10:009][  0]LogTemp:Display: Loaded TP DesktopTargetPlatform
[2015.10.15-21.15.10:029][  0]LogTemp:Display: Loaded TP WindowsClientTargetPlatform
[2015.10.15-21.15.10:057][  0]LogTemp:Display: Loaded TP WindowsNoEditorTargetPlatform
[2015.10.15-21.15.10:080][  0]LogTemp:Display: Loaded TP WindowsServerTargetPlatform
[2015.10.15-21.15.10:109][  0]LogTemp:Display: Loaded TP WindowsTargetPlatform
[2015.10.15-21.15.10:135][  0]LogTemp:Display: Loaded TP AndroidTargetPlatform
[2015.10.15-21.15.10:158][  0]LogTemp:Display: Loaded TP Android_ASTCTargetPlatform
[2015.10.15-21.15.10:180][  0]LogTemp:Display: Loaded TP Android_ATCTargetPlatform
[2015.10.15-21.15.10:206][  0]LogTemp:Display: Loaded TP Android_DXTTargetPlatform
[2015.10.15-21.15.10:230][  0]LogTemp:Display: Loaded TP Android_ETC1TargetPlatform
[2015.10.15-21.15.10:254][  0]LogTemp:Display: Loaded TP Android_ETC2TargetPlatform
[2015.10.15-21.15.10:278][  0]LogTemp:Display: Loaded TP Android_PVRTCTargetPlatform
[2015.10.15-21.15.10:352][  0]LogTemp:Display: Loaded TP IOSTargetPlatform
[2015.10.15-21.15.10:369][  0]LogTemp:Display: Loaded TP LinuxNoEditorTargetPlatform
[2015.10.15-21.15.10:385][  0]LogTemp:Display: Loaded TP LinuxServerTargetPlatform
[2015.10.15-21.15.10:408][  0]LogTemp:Display: Loaded TP LinuxTargetPlatform
[2015.10.15-21.15.10:408][  0]LogTargetPlatformManager:Display: Building Assets For Windows
[2015.10.15-21.15.10:743][  0]LogDerivedDataCache:Display: Max Cache Size: 512 MB
[2015.10.15-21.15.10:819][  0]LogDerivedDataCache: Loaded boot cache 0.08s 53MB C:/Users/mrcmo/AppData/Local/UnrealEngine/4.8/DerivedDataCache/Boot.ddc.
[2015.10.15-21.15.10:819][  0]LogDerivedDataCache:Display: Loaded Boot cache: C:/Users/mrcmo/AppData/Local/UnrealEngine/4.8/DerivedDataCache/Boot.ddc
[2015.10.15-21.15.10:819][  0]LogDerivedDataCache: FDerivedDataBackendGraph:  Pak pak cache file ../../../../../../Users/mrcmo/Documents/Unreal Projects/FPS_Game/DerivedDataCache/DDC.ddp not found, will not use a pak cache.
[2015.10.15-21.15.10:819][  0]LogDerivedDataCache: Unable to find inner node Pak for hierarchical cache Hierarchy.
[2015.10.15-21.15.10:819][  0]LogDerivedDataCache: FDerivedDataBackendGraph:  CompressedPak pak cache file ../../../../../../Users/mrcmo/Documents/Unreal Projects/FPS_Game/DerivedDataCache/Compressed.ddp not found, will not use a pak cache.
[2015.10.15-21.15.10:819][  0]LogDerivedDataCache: Unable to find inner node CompressedPak for hierarchical cache Hierarchy.
[2015.10.15-21.15.11:083][  0]LogDerivedDataCache:Display: Pak cache opened for reading ../../../Engine/DerivedDataCache/Compressed.ddp.
[2015.10.15-21.15.11:096][  0]LogDerivedDataCache: Using Local data cache path C:/Users/mrcmo/AppData/Local/UnrealEngine/Common/DerivedDataCache: Writable
[2015.10.15-21.15.11:499][  0]LogInit: Selected Device Profile: [Windows]
[2015.10.15-21.15.11:632][  0]ImportText (ComponentSweepMultiTests): Missing closing parenthesis: (RootShapeAsset="/Engine/BasicShapes/Cube.Cube",ShapeType="TriggerCapsule",HitResult=(Time=0.50,Location=(X=-100.000015,Y=0.0,Z=100.000015),ImpactPoint=(X=-50.0,Y=0.0,Z=50.0),Normal=(X=-1.0,Y=-0.0,Z=0.0),ImpactNormal=(X=0.0,Y=0.0,Z=1.0),TraceStart=(X=-200.0,Y=0.0,Z=200.0),TraceEnd=(X=0.0,Y=0.0,Z=0.0))
[2015.10.15-21.15.11:632][  0]ImportText (LineTraceSingleByChannelTests): Missing closing parenthesis: (RootShapeAsset="/Engine/BasicShapes/Cube.Cube",HitResult=(Time=0.50,Location=(X=-100.000015,Y=0.0,Z=100.000015),ImpactPoint=(X=-50.0,Y=0.0,Z=50.0),Normal=(X=-1.0,Y=-0.0,Z=0.0),ImpactNormal=(X=0.0,Y=0.0,Z=1.0),TraceStart=(X=-200.0,Y=0.0,Z=200.0),TraceEnd=(X=0.0,Y=0.0,Z=0.0))
[2015.10.15-21.15.11:680][  0]LogMeshUtilities: No automatic mesh reduction module available
[2015.10.15-21.15.11:680][  0]LogMeshUtilities: No automatic mesh merging module available
[2015.10.15-21.15.12:194][  0]LogInit: WinSock: version 1.1 (2.2), MaxSocks=32767, MaxUdp=65467
[2015.10.15-21.15.13:812][  0]UdpMessaging: Initializing bridge on interface 0.0.0.0:0 to multicast group 230.0.0.1:6666.
[2015.10.15-21.15.14:373][  0]SourceControl: Info Source control is disabled
[2015.10.15-21.15.14:374][  0]SourceControl: Info Source control is disabled
[2015.10.15-21.15.14:389][  0]SourceControl: Info Source control is disabled
[2015.10.15-21.15.14:407][  0]SourceControl: Info Source control is disabled
[2015.10.15-21.15.14:861][  0]LogObj: 26273 objects as part of root set at end of initial load.
[2015.10.15-21.15.14:861][  0]LogUObjectAllocator: 5409248 out of 0 bytes used by permanent object pool.
[2015.10.15-21.15.14:977][  0]LogEngine: Initializing Engine...
[2015.10.15-21.15.14:980][  0]LogHMD: Can't find Oculus library dev build: is proper Runtime installed? Version: 0.6.0.0
[2015.10.15-21.15.14:981][  0]LogHMD:Warning: SteamVR failed to initialize.  Error: 110
[2015.10.15-21.15.15:246][  0]LogAIModule: Creating AISystem for world NewWorld
[2015.10.15-21.15.15:251][  0]LogInit: XAudio2 using 'Głośniki (Realtek High Definition Audio)' : 2 channels at 48 kHz using 32 bits per sample (channel mask 0x3)
[2015.10.15-21.15.15:261][  0]LogInit: FAudioDevice initialized.
[2015.10.15-21.15.15:295][  0]LogDerivedDataCache: Saved boot cache 0.03s 53MB C:/Users/mrcmo/AppData/Local/UnrealEngine/4.8/DerivedDataCache/Boot.ddc.
[2015.10.15-21.15.15:302][  0]LogInit: Texture streaming: Disabled
[2015.10.15-21.15.15:347][  0]LogAnalytics: Creating configured Analytics provider AnalyticsET
[2015.10.15-21.15.15:347][  0]LogAnalytics: [UEEditor.Rocket.Release] APIServer = http://et2.epicgames.com/ET2/. AppVersion = 4.8.3-2634408+++depot+UE4-Releases+4.8
[2015.10.15-21.15.15:347][  0]LogAnalytics: [UEEditor.Rocket.Release] SetUserId 79bddb9f464d20ee9f177c986d77ef1a|9dd5e3bebceb455facde07c8901c54b2|2e2e6e00-0e59-40fc-8d54-e5025d4ae304
[2015.10.15-21.15.15:347][  0]LogAnalytics: [UEEditor.Rocket.Release] AnalyticsET::StartSession
[2015.10.15-21.15.15:386][  0]LogInit: Transaction tracking system initialized
[2015.10.15-21.15.15:665][  0]BlueprintLog: New page: Editor Load
[2015.10.15-21.15.15:727][  0]LogAssetRegistry: FAssetRegistry took 0.0112 seconds to start up
[2015.10.15-21.15.15:727][  0]LogDirectoryWatcher:Warning: Failed to begin reading directory changes for ../../../Engine/Plugins/Experimental/CharacterAI/Content/. Error: 0
[2015.10.15-21.15.17:300][  0]LogConsoleManager:Warning: Console variable 'r.VSync' wasn't set ('GameSetting' has a lower priority than 'SystemSettingsIni')
[2015.10.15-21.15.17:301][  0]LogConsoleResponse:Display: 
[2015.10.15-21.15.17:585][  0]LogCook:Display: Done creating registry. It took  0.00s.
[2015.10.15-21.15.18:001][  0]SourceControl: Info Source control is disabled
[2015.10.15-21.15.18:001][  0]Cmd: MAP LOAD FILE="../../../Engine/Content/Maps/Templates/Template_Default.umap" TEMPLATE=1 SHOWPROGRESS=1 FEATURELEVEL=3
[2015.10.15-21.15.18:002][  0]LightingResults: New page: Lighting Build
[2015.10.15-21.15.18:034][  0]MapCheck: New page: Map Check
[2015.10.15-21.15.18:034][  0]LightingResults: New page: Lighting Build
[2015.10.15-21.15.18:063][  0]LogParticles: Destroying 0 GPU particle simulations for FXSystem 0x000000B19936A200
[2015.10.15-21.15.18:984][  0]LogAIModule: Creating AISystem for world Untitled_1
[2015.10.15-21.15.18:999][  0]LogEditorServer: Finished looking for orphan Actors (0.000 secs)
[2015.10.15-21.15.19:019][  0]Cmd: MAP CHECKDEP NOCLEARLOG
[2015.10.15-21.15.19:089][  0]MapCheck: Info Map check complete: 0 Error(s), 0 Warning(s), took 70.26ms to complete.
[2015.10.15-21.15.19:089][  0]LogFileHelpers: Loading map 'Template_Default' took 1.087
[2015.10.15-21.15.19:215][  0]LogCollectionManager: Loaded 0 collections in 0.004357 seconds
[2015.10.15-21.15.19:231][  0]LogContentBrowser: Native class hierarchy populated in 0.0155 seconds. Added 1792 classes and 301 folders.
[2015.10.15-21.15.19:320][  0]LogContentBrowser: Native class hierarchy updated for 'WidgetCarousel' in 0.0006 seconds. Added 0 classes and 0 folders.
[2015.10.15-21.15.19:376][  0]LogContentBrowser: Native class hierarchy updated for 'AddContentDialog' in 0.0008 seconds. Added 0 classes and 0 folders.
[2015.10.15-21.15.19:487][  0]LogContentBrowser: Native class hierarchy updated for 'SceneOutliner' in 0.0006 seconds. Added 1 classes and 2 folders.
[2015.10.15-21.15.19:583][  0]LogCrashTracker: Crashtracker disabled due to settings.
[2015.10.15-21.15.19:584][  0]LogD3D11RHI: InitD3DDevice
[2015.10.15-21.15.19:588][  0]LogUObjectGlobals:Warning: Failed to find object 'Class None.'
[2015.10.15-21.15.19:615][  0]LogLoad: Full Startup: 15.28 seconds (BP compile: 0.36 seconds)
[2015.10.15-21.15.19:699][  0]LogContentStreaming: Texture pool size is 0.000000MB
[2015.10.15-21.15.19:747][  0]LogContentStreaming: Texture pool size now 400 MB
[2015.10.15-21.15.19:929][  0]LogRenderer: Reallocating scene render targets to support 616x624 (Frame:2).
[2015.10.15-21.15.20:703][  6]LogD3D11RHI: InitD3DDevice
[2015.10.15-21.15.20:833][  9]LogAssetRegistry: Asset discovery search completed in 5.1177 seconds
[2015.10.15-21.15.25:193][264]LogD3D11RHI: InitD3DDevice
[2015.10.15-21.23.15:556][370]LogD3D11RHI: InitD3DDevice
[2015.10.15-21.23.16:162][370]LogSkeletalMesh: InitArticulated: Bodies already created (/Engine/Transient.DebugSkelMeshComponent_0) - call TermArticulated first.
[2015.10.15-21.23.16:183][370]LogLinker:Warning: Asset '../../../Engine/Content/Tutorial/SubEditors/PersonaAnimEditorTutorial.uasset' has been saved with empty engine version. The asset will be loaded but may be incompatible.
[2015.10.15-21.23.16:228][371]LogRenderer: Reallocating scene render targets to support 752x624 (Frame:1958).
[2015.10.15-21.23.25:788][537]LogD3D11RHI: InitD3DDevice
[2015.10.15-21.23.29:124][710]LogD3D11RHI: InitD3DDevice
[2015.10.15-21.23.31:285][815]LogD3D11RHI: InitD3DDevice
[2015.10.15-21.24.06:325][735]LogD3D11RHI: InitD3DDevice
[2015.10.15-21.24.06:354][735]Cmd: OBJ SAVEPACKAGE PACKAGE="/Game/Character/Player_Skeleton" FILE="../../../../../../Users/mrcmo/Documents/Unreal Projects/FPS_Game/Content/Character/Player_Skeleton.uasset" SILENT=true
[2015.10.15-21.24.06:419][735]LogSavePackage: Save=13.450148ms
[2015.10.15-21.24.06:419][735]LogSavePackage: Moving '../../../../../../Users/mrcmo/Documents/Unreal Projects/FPS_Game/Saved/Player_SkeletonCE3B192149881E858F5D429150EC48EF.tmp' to '../../../../../../Users/mrcmo/Documents/Unreal Projects/FPS_Game/Content/Character/Player_Skeleton.uasset'
[2015.10.15-21.24.08:442][845]LogD3D11RHI: InitD3DDevice
[2015.10.15-21.24.08:466][845]Cmd: OBJ SAVEPACKAGE PACKAGE="/Game/Character/Player_Skeleton" FILE="../../../../../../Users/mrcmo/Documents/Unreal Projects/FPS_Game/Content/Character/Player_Skeleton.uasset" SILENT=true
[2015.10.15-21.24.08:511][845]LogSavePackage: Save=7.447810ms
[2015.10.15-21.24.08:511][845]LogSavePackage: Moving '../../../../../../Users/mrcmo/Documents/Unreal Projects/FPS_Game/Saved/Player_Skeleton1F1C546A4EA7D923AC4298ACD2D7FD14.tmp' to '../../../../../../Users/mrcmo/Documents/Unreal Projects/FPS_Game/Content/Character/Player_Skeleton.uasset'
[2015.10.15-21.25.13:429][807]LogD3D11RHI: InitD3DDevice
[2015.10.15-21.25.13:598][807]LogD3D11RHI: InitD3DDevice
[2015.10.15-21.25.13:704][807]LogSkeletalMesh: InitArticulated: Bodies already created (/Engine/Transient.DebugSkelMeshComponent_1) - call TermArticulated first.
[2015.10.15-21.25.15:059][872]LogD3D11RHI: InitD3DDevice
[2015.10.15-21.25.25:831][ 44]LogD3D11RHI: InitD3DDevice
[2015.10.15-21.25.28:972][208]LogD3D11RHI: InitD3DDevice
[2015.10.15-21.25.29:849][249]LogD3D11RHI: InitD3DDevice
[2015.10.15-21.25.46:444][336]LogD3D11RHI: InitD3DDevice
[2015.10.15-21.25.55:442][363]LogD3D11RHI: InitD3DDevice
[2015.10.15-21.25.55:609][363]LogParticles: Destroying 0 GPU particle simulations for FXSystem 0x000000B1A2943BA0
[2015.10.15-21.25.55:609][363]LogParticles: Destroying 0 GPU particle simulations for FXSystem 0x000000B1A2943600
[2015.10.15-21.25.55:618][363]LogFileHelpers: Editor autosave (incl. sublevels) for '/Temp/Untitled_1' took 0.033
[2015.10.15-21.25.55:633][363]OBJ SavePackage: Generating thumbnails for [0] asset(s) in package [/Game/MixamoAnimPack/Mixamo_SWAT/Anims/SWAT_Skeleton] ([1] browsable assets)...
[2015.10.15-21.25.55:633][363]OBJ SavePackage: Finished generating thumbnails for package [/Game/MixamoAnimPack/Mixamo_SWAT/Anims/SWAT_Skeleton]
[2015.10.15-21.25.55:673][363]LogSavePackage: Save=7.137860ms
[2015.10.15-21.25.55:673][363]LogSavePackage: Moving '../../../../../../Users/mrcmo/Documents/Unreal Projects/FPS_Game/Saved/SWAT_Skeleton_Auto105B1A3194B05614B10F25B8B887EE18B.tmp' to '../../../../../../Users/mrcmo/Documents/Unreal Projects/FPS_Game/Saved/Autosaves/Game/MixamoAnimPack/Mixamo_SWAT/Anims/SWAT_Skeleton_Auto1.uasset'
[2015.10.15-21.25.55:675][363]LogFileHelpers: Auto-saving content packages took 0.056
[2015.10.15-21.26.38:333][730]LogD3D11RHI: InitD3DDevice
[2015.10.15-21.26.44:924][121]LogD3D11RHI: InitD3DDevice
[2015.10.15-21.27.25:499][555]LogD3D11RHI: InitD3DDevice
[2015.10.15-21.27.30:657][864]LogD3D11RHI: InitD3DDevice
[2015.10.15-21.27.33:515][ 35]LogD3D11RHI: InitD3DDevice
[2015.10.15-21.27.39:588][399]LogD3D11RHI: InitD3DDevice
[2015.10.15-21.27.41:378][506]LogD3D11RHI: InitD3DDevice
[2015.10.15-21.27.42:385][566]LogD3D11RHI: InitD3DDevice
[2015.10.15-21.27.45:226][736]LogD3D11RHI: InitD3DDevice
[2015.10.15-21.27.50:167][ 32]LogD3D11RHI: InitD3DDevice
[2015.10.15-21.27.54:723][305]LogD3D11RHI: InitD3DDevice
[2015.10.15-21.27.57:699][483]LogD3D11RHI: InitD3DDevice
[2015.10.15-21.28.02:716][783]LogD3D11RHI: InitD3DDevice
[2015.10.15-21.28.12:238][354]LogD3D11RHI: InitD3DDevice
[2015.10.15-21.28.15:261][535]LogD3D11RHI: InitD3DDevice
[2015.10.15-21.28.29:002][359]LogD3D11RHI: InitD3DDevice
[2015.10.15-21.28.47:646][477]LogD3D11RHI: InitD3DDevice
[2015.10.15-21.28.56:086][983]LogD3D11RHI: InitD3DDevice
[2015.10.15-21.29.01:016][278]LogD3D11RHI: InitD3DDevice
[2015.10.15-21.29.10:722][860]LogD3D11RHI: InitD3DDevice
[2015.10.15-21.29.20:259][432]Cmd: TRANSACTION UNDO
[2015.10.15-21.29.20:273][432]LogEditorTransaction: Undo Change Bone Mapping
[2015.10.15-21.29.20:275][432]LogD3D11RHI: InitD3DDevice
[2015.10.15-21.29.26:572][808]LogD3D11RHI: InitD3DDevice
[2015.10.15-21.29.35:144][322]LogD3D11RHI: InitD3DDevice
[2015.10.15-21.29.39:933][609]LogD3D11RHI: InitD3DDevice
[2015.10.15-21.29.46:691][ 14]LogD3D11RHI: InitD3DDevice
[2015.10.15-21.29.51:231][286]LogD3D11RHI: InitD3DDevice
[2015.10.15-21.29.54:371][474]LogD3D11RHI: InitD3DDevice
[2015.10.15-21.31.50:649][122]LogD3D11RHI: InitD3DDevice
[2015.10.15-21.32.02:074][408]LogD3D11RHI: InitD3DDevice
[2015.10.15-21.32.06:783][690]LogD3D11RHI: InitD3DDevice
[2015.10.15-21.32.09:672][863]LogD3D11RHI: InitD3DDevice
[2015.10.15-21.32.15:297][200]LogD3D11RHI: InitD3DDevice
[2015.10.15-21.32.17:654][341]LogD3D11RHI: InitD3DDevice
[2015.10.15-21.32.19:992][481]LogD3D11RHI: InitD3DDevice
[2015.10.15-21.32.26:950][898]LogD3D11RHI: InitD3DDevice
[2015.10.15-21.32.30:389][104]LogD3D11RHI: InitD3DDevice
[2015.10.15-21.32.32:429][226]LogD3D11RHI: InitD3DDevice
[2015.10.15-21.32.41:770][786]LogD3D11RHI: InitD3DDevice
[2015.10.15-21.32.46:577][ 74]LogD3D11RHI: InitD3DDevice
[2015.10.15-21.32.49:483][248]LogD3D11RHI: InitD3DDevice
[2015.10.15-21.32.52:641][437]LogD3D11RHI: InitD3DDevice
[2015.10.15-21.33.01:245][952]LogD3D11RHI: InitD3DDevice
[2015.10.15-21.33.04:337][137]LogD3D11RHI: InitD3DDevice
[2015.10.15-21.33.06:494][266]LogD3D11RHI: InitD3DDevice
[2015.10.15-21.33.10:184][487]LogD3D11RHI: InitD3DDevice
[2015.10.15-21.33.16:423][861]LogD3D11RHI: InitD3DDevice
[2015.10.15-21.33.32:836][541]LogD3D11RHI: InitD3DDevice
[2015.10.15-21.33.36:275][747]LogD3D11RHI: InitD3DDevice
[2015.10.15-21.33.39:182][921]LogD3D11RHI: InitD3DDevice
[2015.10.15-21.33.44:205][222]LogD3D11RHI: InitD3DDevice
[2015.10.15-21.33.45:944][326]LogD3D11RHI: InitD3DDevice
[2015.10.15-21.33.48:182][460]LogD3D11RHI: InitD3DDevice
[2015.10.15-21.33.56:939][985]LogD3D11RHI: InitD3DDevice
[2015.10.15-21.34.00:916][223]LogD3D11RHI: InitD3DDevice
[2015.10.15-21.34.03:056][351]LogD3D11RHI: InitD3DDevice
[2015.10.15-21.34.12:183][898]LogD3D11RHI: InitD3DDevice
[2015.10.15-21.34.13:889][  0]LogD3D11RHI: InitD3DDevice
[2015.10.15-21.34.15:979][125]LogD3D11RHI: InitD3DDevice
[2015.10.15-21.34.18:218][259]LogD3D11RHI: InitD3DDevice
[2015.10.15-21.34.20:957][423]LogD3D11RHI: InitD3DDevice
[2015.10.15-21.34.23:579][580]LogD3D11RHI: InitD3DDevice
[2015.10.15-21.34.26:235][739]LogD3D11RHI: InitD3DDevice
[2015.10.15-21.34.35:042][267]LogD3D11RHI: InitD3DDevice
[2015.10.15-21.34.38:098][450]LogD3D11RHI: InitD3DDevice
[2015.10.15-21.34.52:331][301]LogD3D11RHI: InitD3DDevice
[2015.10.15-21.34.59:173][711]LogD3D11RHI: InitD3DDevice
[2015.10.15-21.35.10:197][371]LogD3D11RHI: InitD3DDevice
[2015.10.15-21.35.19:071][903]LogD3D11RHI: InitD3DDevice
[2015.10.15-21.35.44:080][432]LogD3D11RHI: InitD3DDevice
[2015.10.15-21.36.04:934][254]LogD3D11RHI: InitD3DDevice
[2015.10.15-21.36.13:934][281]LogD3D11RHI: InitD3DDevice
[2015.10.15-21.36.14:139][281]LogFileHelpers: Editor autosave (incl. sublevels) for '/Temp/Untitled_1' took 0.036
[2015.10.15-21.36.14:143][281]OBJ SavePackage: Generating thumbnails for [0] asset(s) in package [/Game/MixamoAnimPack/Mixamo_SWAT/Anims/SWAT_Skeleton] ([1] browsable assets)...
[2015.10.15-21.36.14:143][281]OBJ SavePackage: Finished generating thumbnails for package [/Game/MixamoAnimPack/Mixamo_SWAT/Anims/SWAT_Skeleton]
[2015.10.15-21.36.14:179][281]LogSavePackage: Save=6.510983ms
[2015.10.15-21.36.14:179][281]LogSavePackage: Moving '../../../../../../Users/mrcmo/Documents/Unreal Projects/FPS_Game/Saved/SWAT_Skeleton_Auto2B350FB3E42471B2AD4256C8605C849D3.tmp' to '../../../../../../Users/mrcmo/Documents/Unreal Projects/FPS_Game/Saved/Autosaves/Game/MixamoAnimPack/Mixamo_SWAT/Anims/SWAT_Skeleton_Auto2.uasset'
[2015.10.15-21.36.14:181][281]LogFileHelpers: Auto-saving content packages took 0.040
[2015.10.15-21.36.18:403][372]LogD3D11RHI: InitD3DDevice
[2015.10.15-21.36.18:472][372]LogSavePackage: Save=5.711684ms
[2015.10.15-21.36.18:472][372]LogSavePackage: Moving '../../../../../../Users/mrcmo/Documents/Unreal Projects/FPS_Game/Saved/SWAT_Skeleton26C4EE55497A304B5F6D08BA9B714A57.tmp' to '../../../../../../Users/mrcmo/Documents/Unreal Projects/FPS_Game/Content/MixamoAnimPack/Mixamo_SWAT/Anims/SWAT_Skeleton.uasset'
[2015.10.15-21.37.30:624][653]LogD3D11RHI: InitD3DDevice
[2015.10.15-21.37.35:425][921]LogD3D11RHI: InitD3DDevice
[2015.10.15-21.37.37:994][ 69]LogD3D11RHI: InitD3DDevice
[2015.10.15-21.37.40:444][213]LogD3D11RHI: InitD3DDevice
[2015.10.15-21.37.42:480][328]LogD3D11RHI: InitD3DDevice
[2015.10.15-21.37.48:858][687]LogD3D11RHI: InitD3DDevice
[2015.10.15-21.37.56:632][100]LogD3D11RHI: InitD3DDevice
[2015.10.15-21.37.56:878][100]LogSkeletalMesh: InitArticulated: Bodies already created (/Engine/Transient.DebugSkelMeshComponent_4) - call TermArticulated first.
[2015.10.15-21.37.57:082][100]LogContentBrowser:Verbose: The majority of assets in the view are of type: AnimSequence
[2015.10.15-21.38.10:400][888]LogParticles: Destroying 0 GPU particle simulations for FXSystem 0x000000B1A88BAAC0
[2015.10.15-21.38.10:401][888]LogParticles: Destroying 0 GPU particle simulations for FXSystem 0x000000B195619760
[2015.10.15-21.38.10:401][888]LogParticles: Destroying 0 GPU particle simulations for FXSystem 0x000000B188B38860
[2015.10.15-21.38.10:401][888]LogParticles: Destroying 0 GPU particle simulations for FXSystem 0x000000B18A525120
[2015.10.15-21.38.10:401][888]LogParticles: Destroying 0 GPU particle simulations for FXSystem 0x000000B18C1D93A0
[2015.10.15-21.38.10:401][888]LogParticles: Destroying 0 GPU particle simulations for FXSystem 0x000000B18C1DAC00
[2015.10.15-21.38.10:401][888]LogParticles: Destroying 0 GPU particle simulations for FXSystem 0x000000B18C1ADBC0
[2015.10.15-21.38.10:415][888]LogParticles: Destroying 0 GPU particle simulations for FXSystem 0x000000B18C1AEA20
[2015.10.15-21.38.10:417][888]LogD3D11RHI: InitD3DDevice
[2015.10.15-21.38.12:131][888]LogD3D11RHI: InitD3DDevice
[2015.10.15-21.38.12:151][888]LogD3D11RHI: InitD3DDevice
[2015.10.15-21.38.14:294][  9]LogD3D11RHI: InitD3DDevice
[2015.10.15-21.38.14:346][  9]LogSavePackage: Save=5.615210ms
[2015.10.15-21.38.14:346][  9]LogSavePackage: Moving '../../../../../../Users/mrcmo/Documents/Unreal Projects/FPS_Game/Saved/SWAT_Skeleton000001C446AC6E23D394F79F4A0C925A.tmp' to '../../../../../../Users/mrcmo/Documents/Unreal Projects/FPS_Game/Content/MixamoAnimPack/Mixamo_SWAT/Anims/SWAT_Skeleton.uasset'
[2015.10.15-21.38.14:358][  9]Cmd: OBJ SAVEPACKAGE PACKAGE="/Game/Character/Player_Skeleton" FILE="../../../../../../Users/mrcmo/Documents/Unreal Projects/FPS_Game/Content/Character/Player_Skeleton.uasset" SILENT=true
[2015.10.15-21.38.14:398][  9]LogSavePackage: Save=7.157976ms
[2015.10.15-21.38.14:398][  9]LogSavePackage: Moving '../../../../../../Users/mrcmo/Documents/Unreal Projects/FPS_Game/Saved/Player_SkeletonCDC590B6443D9C377DEB419E2B40987C.tmp' to '../../../../../../Users/mrcmo/Documents/Unreal Projects/FPS_Game/Content/Character/Player_Skeleton.uasset'
[2015.10.15-21.38.19:399][299]LogWindowsTextInputMethodSystem:Display: IME system now deactivated.
[2015.10.15-21.38.19:679][300]Cmd: QUIT_EDITOR
[2015.10.15-21.38.19:947][300]LogExit: Preparing to exit.
[2015.10.15-21.38.20:868][300]LogExit: Editor shut down
[2015.10.15-21.38.20:868][300]LogExit: Transaction tracking system shut down
[2015.10.15-21.38.20:869][300]LogParticles: Destroying 0 GPU particle simulations for FXSystem 0x000000B18C14F1A0
[2015.10.15-21.38.20:869][300]LogParticles: Destroying 0 GPU particle simulations for FXSystem 0x000000B1A2777F60
[2015.10.15-21.38.20:870][300]LogParticles: Destroying 0 GPU particle simulations for FXSystem 0x000000B1A7F48AE0
[2015.10.15-21.38.20:870][300]LogParticles: Destroying 0 GPU particle simulations for FXSystem 0x000000B188B38A40
[2015.10.15-21.38.20:870][300]LogParticles: Destroying 0 GPU particle simulations for FXSystem 0x000000B190438680
[2015.10.15-21.38.20:870][300]LogParticles: Destroying 0 GPU particle simulations for FXSystem 0x000000B190438360
[2015.10.15-21.38.20:999][300]LogExit: Object subsystem successfully closed.
[2015.10.15-21.38.21:013][300]LogD3D11RHI: Shutdown
[2015.10.15-21.38.21:013][300]LogD3D11RHI: CleanupD3DDevice
[2015.10.15-21.38.21:084][300]LogD3D11RHI: ~FD3D11DynamicRHI
[2015.10.15-21.38.21:106][300]LogModuleManager: Shutting down and abandoning module CrashTracker (188)
[2015.10.15-21.38.21:106][300]LogModuleManager: Shutting down and abandoning module SceneOutliner (187)
[2015.10.15-21.38.21:106][300]LogModuleManager: Shutting down and abandoning module SuperSearch (186)
[2015.10.15-21.38.21:106][300]LogModuleManager: Shutting down and abandoning module WidgetCarousel (185)
[2015.10.15-21.38.21:106][300]LogModuleManager: Shutting down and abandoning module AddContentDialog (184)
[2015.10.15-21.38.21:108][300]LogModuleManager: Shutting down and abandoning module EditorWidgets (183)
[2015.10.15-21.38.21:108][300]LogModuleManager: Shutting down and abandoning module CollectionManager (182)
[2015.10.15-21.38.21:108][300]LogModuleManager: Shutting down and abandoning module StatsViewer (181)
[2015.10.15-21.38.21:108][300]LogModuleManager: Shutting down and abandoning module FoliageEdit (180)
[2015.10.15-21.38.21:108][300]LogModuleManager: Shutting down and abandoning module LandscapeEditor (179)
[2015.10.15-21.38.21:108][300]LogModuleManager: Shutting down and abandoning module ActorPickerMode (178)
[2015.10.15-21.38.21:108][300]LogModuleManager: Shutting down and abandoning module GeometryMode (177)
[2015.10.15-21.38.21:108][300]LogModuleManager: Shutting down and abandoning module TextureAlignMode (176)
[2015.10.15-21.38.21:108][300]LogModuleManager: Shutting down and abandoning module BspMode (175)
[2015.10.15-21.38.21:108][300]LogModuleManager: Shutting down and abandoning module PlacementMode (174)
[2015.10.15-21.38.21:108][300]LogModuleManager: Shutting down and abandoning module AutomationWorker (173)
[2015.10.15-21.38.21:108][300]LogModuleManager: Shutting down and abandoning module CharacterAI (172)
[2015.10.15-21.38.21:108][300]LogModuleManager: Shutting down and abandoning module SmartSnapping (171)
[2015.10.15-21.38.21:108][300]LogModuleManager: Shutting down and abandoning module ViewportSnapping (170)
[2015.10.15-21.38.21:108][300]LogModuleManager: Shutting down and abandoning module LogVisualizer (169)
[2015.10.15-21.38.21:108][300]LogModuleManager: Shutting down and abandoning module GameProjectGeneration (168)
[2015.10.15-21.38.21:108][300]LogModuleManager: Shutting down and abandoning module IntroTutorials (167)
[2015.10.15-21.38.21:108][300]LogModuleManager: Shutting down and abandoning module EditorLiveStreaming (166)
[2015.10.15-21.38.21:108][300]LogModuleManager: Shutting down and abandoning module IOSPlatformEditor (165)
[2015.10.15-21.38.21:108][300]LogModuleManager: Shutting down and abandoning module HTML5PlatformEditor (164)
[2015.10.15-21.38.21:108][300]LogModuleManager: Shutting down and abandoning module AndroidDeviceDetection (163)
[2015.10.15-21.38.21:658][300]LogModuleManager: Shutting down and abandoning module AndroidPlatformEditor (162)
[2015.10.15-21.38.21:658][300]LogModuleManager: Shutting down and abandoning module IOSRuntimeSettings (161)
[2015.10.15-21.38.21:658][300]LogModuleManager: Shutting down and abandoning module AndroidRuntimeSettings (160)
[2015.10.15-21.38.21:658][300]LogModuleManager: Shutting down and abandoning module MergeActors (159)
[2015.10.15-21.38.21:658][300]LogModuleManager: Shutting down and abandoning module SizeMap (158)
[2015.10.15-21.38.21:658][300]LogModuleManager: Shutting down and abandoning module TreeMap (157)
[2015.10.15-21.38.21:658][300]LogModuleManager: Shutting down and abandoning module ReferenceViewer (156)
[2015.10.15-21.38.21:658][300]LogModuleManager: Shutting down and abandoning module LocalizationDashboard (155)
[2015.10.15-21.38.21:658][300]LogModuleManager: Shutting down and abandoning module HardwareTargeting (154)
[2015.10.15-21.38.21:658][300]LogModuleManager: Shutting down and abandoning module DeviceProfileEditor (153)
[2015.10.15-21.38.21:658][300]LogModuleManager: Shutting down and abandoning module UndoHistory (152)
[2015.10.15-21.38.21:658][300]LogModuleManager: Shutting down and abandoning module GameplayTagsEditor (151)
[2015.10.15-21.38.21:658][300]LogModuleManager: Shutting down and abandoning module UserFeedback (150)
[2015.10.15-21.38.21:658][300]LogModuleManager: Shutting down and abandoning module XmlParser (149)
[2015.10.15-21.38.21:658][300]LogModuleManager: Shutting down and abandoning module Blutility (148)
[2015.10.15-21.38.21:658][300]LogModuleManager: Shutting down and abandoning module ProjectTargetPlatformEditor (147)
[2015.10.15-21.38.21:659][300]LogModuleManager: Shutting down and abandoning module ProjectSettingsViewer (146)
[2015.10.15-21.38.21:659][300]LogModuleManager: Shutting down and abandoning module InputBindingEditor (145)
[2015.10.15-21.38.21:659][300]LogModuleManager: Shutting down and abandoning module EditorSettingsViewer (144)
[2015.10.15-21.38.21:659][300]LogModuleManager: Shutting down and abandoning module SettingsEditor (143)
[2015.10.15-21.38.21:659][300]LogModuleManager: Shutting down and abandoning module ProjectLauncher (142)
[2015.10.15-21.38.21:659][300]LogModuleManager: Shutting down and abandoning module SessionFrontend (141)
[2015.10.15-21.38.21:659][300]LogModuleManager: Shutting down and abandoning module ProfilerClient (140)
[2015.10.15-21.38.21:659][300]LogModuleManager: Shutting down and abandoning module TargetDeviceServices (139)
[2015.10.15-21.38.21:659][300]LogModuleManager: Shutting down and abandoning module DeviceManager (138)
[2015.10.15-21.38.21:660][300]LogModuleManager: Shutting down and abandoning module AutomationController (137)
[2015.10.15-21.38.21:660][300]LogModuleManager: Shutting down and abandoning module AutomationWindow (136)
[2015.10.15-21.38.21:660][300]LogModuleManager: Shutting down and abandoning module Layers (135)
[2015.10.15-21.38.21:660][300]LogModuleManager: Shutting down and abandoning module ComponentVisualizers (134)
[2015.10.15-21.38.21:660][300]LogModuleManager: Shutting down and abandoning module DetailCustomizations (133)
[2015.10.15-21.38.21:660][300]LogModuleManager: Shutting down and abandoning module PackagesDialog (132)
[2015.10.15-21.38.21:660][300]LogModuleManager: Shutting down and abandoning module AssetRegistry (131)
[2015.10.15-21.38.21:762][300]LogModuleManager: Shutting down and abandoning module Persona (130)
[2015.10.15-21.38.21:762][300]LogModuleManager: Shutting down and abandoning module Kismet (129)
[2015.10.15-21.38.21:762][300]LogModuleManager: Shutting down and abandoning module GraphEditor (128)
[2015.10.15-21.38.21:762][300]LogModuleManager: Shutting down and abandoning module ClassViewer (127)
[2015.10.15-21.38.21:762][300]LogModuleManager: Shutting down and abandoning module Toolbox (126)
[2015.10.15-21.38.21:762][300]LogModuleManager: Shutting down and abandoning module ModuleUI (125)
[2015.10.15-21.38.21:762][300]LogModuleManager: Shutting down and abandoning module MovieSceneTools (124)
[2015.10.15-21.38.21:762][300]LogModuleManager: Shutting down and abandoning module OutputLog (123)
[2015.10.15-21.38.21:762][300]LogModuleManager: Shutting down and abandoning module GammaUI (122)
[2015.10.15-21.38.21:762][300]LogModuleManager: Shutting down and abandoning module Documentation (121)
[2015.10.15-21.38.21:762][300]LogModuleManager: Shutting down and abandoning module GameLiveStreaming (120)
[2015.10.15-21.38.21:762][300]LogModuleManager: Shutting down and abandoning module StreamingPauseRendering (119)
[2015.10.15-21.38.21:762][300]LogModuleManager: Shutting down and abandoning module AnalyticsET (118)
[2015.10.15-21.38.21:762][300]LogModuleManager: Shutting down and abandoning module Analytics (117)
[2015.10.15-21.38.21:762][300]LogModuleManager: Shutting down and abandoning module AITestSuite (116)
[2015.10.15-21.38.21:762][300]LogModuleManager: Shutting down and abandoning module GameplayDebugger (115)
[2015.10.15-21.38.21:762][300]LogModuleManager: Shutting down and abandoning module AIModule (114)
[2015.10.15-21.38.21:762][300]LogModuleManager: Shutting down and abandoning module ProfilerService (113)
[2015.10.15-21.38.21:957][300]LogModuleManager: Shutting down and abandoning module TaskGraph (112)
[2015.10.15-21.38.21:957][300]LogModuleManager: Shutting down and abandoning module SlateRemote (111)
[2015.10.15-21.38.21:957][300]LogModuleManager: Shutting down and abandoning module SteamVRController (110)
[2015.10.15-21.38.21:957][300]LogModuleManager: Shutting down and abandoning module SteamVR (109)
[2015.10.15-21.38.21:957][300]LogModuleManager: Shutting down and abandoning module ProceduralMeshComponent (108)
[2015.10.15-21.38.21:957][300]LogModuleManager: Shutting down and abandoning module OculusRift (107)
[2015.10.15-21.38.21:957][300]LogModuleManager: Shutting down and abandoning module LeapMotionController (106)
[2015.10.15-21.38.21:980][300]LogModuleManager: Shutting down and abandoning module CustomMeshComponent (105)
[2015.10.15-21.38.21:980][300]LogModuleManager: Shutting down and abandoning module CableComponent (104)
[2015.10.15-21.38.21:980][300]LogModuleManager: Shutting down and abandoning module MessagingDebugger (103)
[2015.10.15-21.38.21:980][300]LogModuleManager: Shutting down and abandoning module MediaPlayerEditor (102)
[2015.10.15-21.38.21:980][300]LogModuleManager: Shutting down and abandoning module SpeedTreeImporter (101)
[2015.10.15-21.38.21:980][300]LogModuleManager: Shutting down and abandoning module PluginBrowser (100)
[2015.10.15-21.38.21:981][300]LogModuleManager: Shutting down and abandoning module EpicSurvey (99)
[2015.10.15-21.38.21:981][300]LogModuleManager: Shutting down and abandoning module DesktopPlatform (98)
[2015.10.15-21.38.21:981][300]LogModuleManager: Shutting down and abandoning module VisualStudioSourceCodeAccess (97)
[2015.10.15-21.38.21:981][300]LogModuleManager: Shutting down and abandoning module UObjectPlugin (96)
[2015.10.15-21.38.21:981][300]LogModuleManager: Shutting down and abandoning module SubversionSourceControl (95)
[2015.10.15-21.38.21:981][300]LogModuleManager: Shutting down and abandoning module PerforceSourceControl (94)
[2015.10.15-21.38.21:981][300]LogModuleManager: Shutting down and abandoning module SourceControl (93)
[2015.10.15-21.38.21:981][300]LogModuleManager: Shutting down and abandoning module GitSourceControl (92)
[2015.10.15-21.38.21:981][300]LogModuleManager: Shutting down and abandoning module BlankPlugin (91)
[2015.10.15-21.38.21:981][300]LogModuleManager: Shutting down and abandoning module PaperTiledImporter (90)
[2015.10.15-21.38.21:981][300]LogModuleManager: Shutting down and abandoning module PaperSpriteSheetImporter (89)
[2015.10.15-21.38.21:981][300]LogModuleManager: Shutting down and abandoning module MeshPaint (88)
[2015.10.15-21.38.21:981][300]LogModuleManager: Shutting down and abandoning module SlateReflector (87)
[2015.10.15-21.38.21:981][300]LogModuleManager: Shutting down and abandoning module DirectoryWatcher (86)
[2015.10.15-21.38.21:984][300]LogModuleManager: Shutting down and abandoning module HotReload (85)
[2015.10.15-21.38.21:984][300]LogModuleManager: Shutting down and abandoning module MainFrame (84)
[2015.10.15-21.38.21:984][300]LogModuleManager: Shutting down and abandoning module LevelEditor (83)
[2015.10.15-21.38.21:986][300]LogModuleManager: Shutting down and abandoning module ContentBrowser (82)
[2015.10.15-21.38.21:987][300]LogModuleManager: Shutting down and abandoning module Paper2DEditor (81)
[2015.10.15-21.38.21:987][300]LogModuleManager: Shutting down and abandoning module UdpMessaging (80)
[2015.10.15-21.38.22:088][300]LogModuleManager: Shutting down and abandoning module Paper2D (79)
[2015.10.15-21.38.22:088][300]LogModuleManager: Shutting down and abandoning module WindowsMoviePlayer (78)
[2015.10.15-21.38.22:093][300]LogModuleManager: Shutting down and abandoning module Media (77)
[2015.10.15-21.38.22:093][300]LogModuleManager: Shutting down and abandoning module WmfMedia (76)
[2015.10.15-21.38.22:093][300]LogModuleManager: Shutting down and abandoning module OnlineBlueprintSupport (75)
[2015.10.15-21.38.22:093][300]LogModuleManager: Shutting down and abandoning module PropertyEditor (74)
[2015.10.15-21.38.22:093][300]LogModuleManager: Shutting down and abandoning module BehaviorTreeEditor (73)
[2015.10.15-21.38.22:093][300]LogModuleManager: Shutting down and abandoning module FunctionalTesting (72)
[2015.10.15-21.38.22:093][300]LogModuleManager: Shutting down and abandoning module CollisionAnalyzer (71)
[2015.10.15-21.38.22:093][300]LogModuleManager: Shutting down and abandoning module WorkspaceMenuStructure (70)
[2015.10.15-21.38.22:093][300]LogModuleManager: Shutting down and abandoning module MessageLog (69)
[2015.10.15-21.38.22:093][300]LogModuleManager: Shutting down and abandoning module Sequencer (68)
[2015.10.15-21.38.22:093][300]LogModuleManager: Shutting down and abandoning module AssetTools (67)
[2015.10.15-21.38.22:093][300]LogModuleManager: Shutting down and abandoning module UMGEditor (66)
[2015.10.15-21.38.22:093][300]LogModuleManager: Shutting down and abandoning module UMG (65)
[2015.10.15-21.38.22:093][300]LogModuleManager: Shutting down and abandoning module Slate (64)
[2015.10.15-21.38.22:093][300]LogModuleManager: Shutting down and abandoning module EditorStyle (63)
[2015.10.15-21.38.22:098][300]LogModuleManager: Shutting down and abandoning module SessionServices (62)
[2015.10.15-21.38.22:098][300]LogModuleManager: Shutting down and abandoning module SourceCodeAccess (61)
[2015.10.15-21.38.22:098][300]LogModuleManager: Shutting down and abandoning module HeadMountedDisplay (60)
[2015.10.15-21.38.22:098][300]LogModuleManager: Shutting down and abandoning module XAudio2 (59)
[2015.10.15-21.38.22:098][300]LogModuleManager: Shutting down and abandoning module Networking (57)
[2015.10.15-21.38.22:098][300]LogModuleManager: Shutting down and abandoning module Core (56)
[2015.10.15-21.38.22:098][300]LogModuleManager: Shutting down and abandoning module KismetCompiler (55)
[2015.10.15-21.38.22:098][300]LogModuleManager: Shutting down and abandoning module PhysXFormats (54)
[2015.10.15-21.38.22:098][300]LogModuleManager: Shutting down and abandoning module MeshUtilities (53)
[2015.10.15-21.38.22:098][300]LogModuleManager: Shutting down and abandoning module DerivedDataCache (52)
[2015.10.15-21.38.22:143][300]LogDerivedDataCache: Shutdown
[2015.10.15-21.38.22:143][300]LogModuleManager: Shutting down and abandoning module ShaderFormatOpenGL (51)
[2015.10.15-21.38.22:143][300]LogModuleManager: Shutting down and abandoning module ShaderFormatD3D (50)
[2015.10.15-21.38.22:143][300]LogModuleManager: Shutting down and abandoning module MetalShaderFormat (49)
[2015.10.15-21.38.22:143][300]LogModuleManager: Shutting down and abandoning module TextureFormatUncompressed (48)
[2015.10.15-21.38.22:143][300]LogModuleManager: Shutting down and abandoning module TextureFormatPVR (47)
[2015.10.15-21.38.22:143][300]LogModuleManager: Shutting down and abandoning module TextureFormatIntelISPCTexComp (46)
[2015.10.15-21.38.22:143][300]LogModuleManager: Shutting down and abandoning module TextureFormatDXT (45)
[2015.10.15-21.38.22:143][300]LogModuleManager: Shutting down and abandoning module ImageWrapper (44)
[2015.10.15-21.38.22:143][300]LogModuleManager: Shutting down and abandoning module TextureFormatASTC (43)
[2015.10.15-21.38.22:143][300]LogModuleManager: Shutting down and abandoning module TextureFormatAndroid (42)
[2015.10.15-21.38.22:143][300]LogModuleManager: Shutting down and abandoning module AudioFormatOpus (41)
[2015.10.15-21.38.22:143][300]LogModuleManager: Shutting down and abandoning module AudioFormatOgg (40)
[2015.10.15-21.38.22:143][300]LogModuleManager: Shutting down and abandoning module AudioFormatADPCM (39)
[2015.10.15-21.38.22:143][300]LogModuleManager: Shutting down and abandoning module LinuxTargetPlatform (38)
[2015.10.15-21.38.22:143][300]LogModuleManager: Shutting down and abandoning module LinuxServerTargetPlatform (37)
[2015.10.15-21.38.22:143][300]LogModuleManager: Shutting down and abandoning module LinuxNoEditorTargetPlatform (36)
[2015.10.15-21.38.22:143][300]LogModuleManager: Shutting down and abandoning module Messaging (35)
[2015.10.15-21.38.22:143][300]LogModuleManager: Shutting down and abandoning module IOSTargetPlatform (34)
[2015.10.15-21.38.22:143][300]LogModuleManager: Shutting down and abandoning module HTML5TargetPlatform (33)
[2015.10.15-21.38.22:143][300]LogModuleManager: Shutting down and abandoning module Android_PVRTCTargetPlatform (32)
[2015.10.15-21.38.22:143][300]LogModuleManager: Shutting down and abandoning module Android_ETC2TargetPlatform (31)
[2015.10.15-21.38.22:143][300]LogModuleManager: Shutting down and abandoning module Android_ETC1TargetPlatform (30)
[2015.10.15-21.38.22:143][300]LogModuleManager: Shutting down and abandoning module Android_DXTTargetPlatform (29)
[2015.10.15-21.38.22:143][300]LogModuleManager: Shutting down and abandoning module Android_ATCTargetPlatform (28)
[2015.10.15-21.38.22:143][300]LogModuleManager: Shutting down and abandoning module Android_ASTCTargetPlatform (27)
[2015.10.15-21.38.22:143][300]LogModuleManager: Shutting down and abandoning module AndroidTargetPlatform (26)
[2015.10.15-21.38.22:143][300]LogModuleManager: Shutting down and abandoning module WindowsTargetPlatform (25)
[2015.10.15-21.38.22:143][300]LogModuleManager: Shutting down and abandoning module WindowsServerTargetPlatform (24)
[2015.10.15-21.38.22:143][300]LogModuleManager: Shutting down and abandoning module WindowsNoEditorTargetPlatform (23)
[2015.10.15-21.38.22:143][300]LogModuleManager: Shutting down and abandoning module WindowsClientTargetPlatform (22)
[2015.10.15-21.38.22:143][300]LogModuleManager: Shutting down and abandoning module DesktopTargetPlatform (21)
[2015.10.15-21.38.22:143][300]LogModuleManager: Shutting down and abandoning module TargetPlatform (20)
[2015.10.15-21.38.22:143][300]LogModuleManager: Shutting down and abandoning module InputCore (19)
[2015.10.15-21.38.22:144][300]LogModuleManager: Shutting down and abandoning module Settings (18)
[2015.10.15-21.38.22:144][300]LogModuleManager: Shutting down and abandoning module OnlineSubsystem (16)
[2015.10.15-21.38.22:144][300]LogModuleManager: Shutting down and abandoning module HTTP (15)
[2015.10.15-21.38.22:144][300]LogModuleManager: Shutting down and abandoning module ExampleDeviceProfileSelector (14)
[2015.10.15-21.38.22:144][300]LogModuleManager: Shutting down and abandoning module TextureCompressor (13)
[2015.10.15-21.38.22:144][300]LogModuleManager: Shutting down and abandoning module ShaderCore (12)
[2015.10.15-21.38.22:144][300]LogModuleManager: Shutting down and abandoning module Landscape (11)
[2015.10.15-21.38.22:144][300]LogModuleManager: Shutting down and abandoning module SlateRHIRenderer (10)
[2015.10.15-21.38.22:147][300]LogModuleManager: Shutting down and abandoning module OpenGLDrv (9)
[2015.10.15-21.38.22:147][300]LogModuleManager: Shutting down and abandoning module D3D11RHI (8)
[2015.10.15-21.38.22:147][300]LogModuleManager: Shutting down and abandoning module Renderer (7)
[2015.10.15-21.38.22:147][300]LogModuleManager: Shutting down and abandoning module Engine (6)
[2015.10.15-21.38.22:147][300]LogModuleManager: Shutting down and abandoning module CoreUObject (5)
[2015.10.15-21.38.22:147][300]LogModuleManager: Shutting down and abandoning module NetworkFile (4)
[2015.10.15-21.38.22:147][300]LogModuleManager: Shutting down and abandoning module StreamingFile (3)
[2015.10.15-21.38.22:147][300]LogModuleManager: Shutting down and abandoning module SandboxFile (2)
[2015.10.15-21.38.22:147][300]LogModuleManager: Shutting down and abandoning module PakFile (1)
[2015.10.15-21.38.22:147][300]LogExit: Exiting.
[2015.10.15-21.38.22:149][300]Log file closed, 10/15/15 23:38:22
