[2015.10.20-14.24.31:332][  0]Log file open, 10/20/15 16:24:31
[2015.10.20-14.24.31:332][  0]LogInit:Display: Running engine for game: FPS_Game
[2015.10.20-14.24.31:332][  0]LogInit:Display: RandInit(-722058783) SRandInit(-722058782).
[2015.10.20-14.24.31:332][  0]LogTaskGraph: Started task graph with 4 named threads and 5 total threads.
[2015.10.20-14.24.31:332][  0]LogStats: Stats thread started
[2015.10.20-14.24.31:332][  0]LogInit: Version: 4.8.3-2634408+++depot+UE4-Releases+4.8
[2015.10.20-14.24.31:332][  0]LogInit: API Version: 2579680
[2015.10.20-14.24.31:332][  0]LogInit: Compiled (64-bit): Jul 27 2015 16:24:33
[2015.10.20-14.24.31:332][  0]LogInit: Compiled with Visual C++: 18.00.21005.01
[2015.10.20-14.24.31:332][  0]LogInit: Build Configuration: Development
[2015.10.20-14.24.31:332][  0]LogInit: Branch Name: ++depot+UE4-Releases+4.8
[2015.10.20-14.24.31:332][  0]LogInit: Command line: 
[2015.10.20-14.24.31:332][  0]LogInit: Base directory: C:/Program Files/Epic Games/4.8/Engine/Binaries/Win64/
[2015.10.20-14.24.31:332][  0]LogInit: Rocket: 1
[2015.10.20-14.24.31:356][  0]LogInit: Using libcurl 7.41.0
[2015.10.20-14.24.31:356][  0]LogInit:  - built for x86_64-pc-win32
[2015.10.20-14.24.31:356][  0]LogInit:  - supports SSL with WinSSL
[2015.10.20-14.24.31:356][  0]LogInit:  - other features:
[2015.10.20-14.24.31:356][  0]LogInit:      CURL_VERSION_SSL
[2015.10.20-14.24.31:356][  0]LogInit:      CURL_VERSION_IPV6
[2015.10.20-14.24.31:356][  0]LogInit:      CURL_VERSION_ASYNCHDNS
[2015.10.20-14.24.31:356][  0]LogInit:      CURL_VERSION_LARGEFILE
[2015.10.20-14.24.31:356][  0]LogInit:      CURL_VERSION_IDN
[2015.10.20-14.24.31:356][  0]LogInit:  CurlRequestOptions (configurable via config and command line):
[2015.10.20-14.24.31:356][  0]LogInit:  - bVerifyPeer = true  - Libcurl will verify peer certificate
[2015.10.20-14.24.31:356][  0]LogInit:  - bUseHttpProxy = false  - Libcurl will NOT use HTTP proxy
[2015.10.20-14.24.31:356][  0]LogInit:  - bDontReuseConnections = false  - Libcurl will reuse connections
[2015.10.20-14.24.31:356][  0]LogInit:  - CertBundlePath = nullptr  - Libcurl will use whatever was configured at build time.
[2015.10.20-14.24.31:372][  0]LogOnline:Warning: No default platform service specified for OnlineSubsystem
[2015.10.20-14.24.31:391][  0]LogInit: Presizing for 0 objects not considered by GC, pre-allocating 0 bytes.
[2015.10.20-14.24.31:401][  0]LogInit: Object subsystem initialized
[2015.10.20-14.24.31:402][  0]LogConsoleResponse:Warning: Skipping Unknown console variable: 'TranslucentSortAxis = (X=0.000000,Y=-1.000000,Z=0.000000)'
[2015.10.20-14.24.31:402][  0]LogConsoleResponse:Warning:   Found in ini file 'C:/Users/mrcmo/Documents/Unreal Projects/FPS_Game/Saved/Config/Windows/Engine.ini', in section '[/Script/Engine.RendererSettings]'
[2015.10.20-14.24.31:402][  0]LogConsoleResponse:Warning: Skipping Unknown console variable: 'UIScaleRule = ShortestSide'
[2015.10.20-14.24.31:402][  0]LogConsoleResponse:Warning:   Found in ini file 'C:/Users/mrcmo/Documents/Unreal Projects/FPS_Game/Saved/Config/Windows/Engine.ini', in section '[/Script/Engine.RendererSettings]'
[2015.10.20-14.24.31:402][  0]LogConsoleResponse:Warning: Skipping Unknown console variable: 'UIScaleCurve = (EditorCurveData=(Keys=),ExternalCurve=None)'
[2015.10.20-14.24.31:402][  0]LogConsoleResponse:Warning:   Found in ini file 'C:/Users/mrcmo/Documents/Unreal Projects/FPS_Game/Saved/Config/Windows/Engine.ini', in section '[/Script/Engine.RendererSettings]'
[2015.10.20-14.24.31:403][  0]LogInit: Selected Device Profile: [Windows]
[2015.10.20-14.24.31:403][  0]LogInit: Applying CVar settings loaded from the selected device profile: [Windows]
[2015.10.20-14.24.31:427][  0]LogInit: Computer: DESKTOP-6RAQE7I
[2015.10.20-14.24.31:427][  0]LogInit: User: mrcmo
[2015.10.20-14.24.31:427][  0]LogInit: CPU Page size=4096, Cores=2
[2015.10.20-14.24.31:427][  0]LogInit: High frequency timer resolution =2.435881 MHz
[2015.10.20-14.24.31:427][  0]LogMemory: Memory total: Physical=7.9GB (8GB approx)
[2015.10.20-14.24.31:427][  0]LogMemory: Platform Memory Stats for Windows
[2015.10.20-14.24.31:427][  0]LogMemory: Process Physical Memory: 50.64 MB used, 50.64 MB peak
[2015.10.20-14.24.31:427][  0]LogMemory: Process Virtual Memory: 24.81 MB used, 24.81 MB peak
[2015.10.20-14.24.31:427][  0]LogMemory: Physical Memory: 3073.66 MB used, 8077.84 MB total
[2015.10.20-14.24.31:427][  0]LogMemory: Virtual Memory: 311.56 MB used, 134217728.00 MB total
[2015.10.20-14.24.31:460][  0]LogTextLocalizationManager: The requested culture ('pl_PL') has no localization data; falling back to 'en' for localization and internationalization data.
[2015.10.20-14.24.31:736][  0]LogTextLocalizationManager:Warning: Loaded localization resources contain conflicting entries for (Namespace:ContentBrowser, Key:ImportAssetToolTip):
Localization Resource: (C:/Program Files/Epic Games/4.8/Engine/Content/Localization/Editor/en/Editor.locres) Source String Hash: (-630476809) Localized String: (Import to {0}...)
Localization Resource: (C:/Program Files/Epic Games/4.8/Engine/Content/Localization/Editor/en/Editor.locres) Source String Hash: (1271782899) Localized String: (Imports an asset from file to this folder.)
[2015.10.20-14.24.32:273][  0]LogD3D11RHI: Found D3D11 adapter 0: NVIDIA GeForce GT 630M     (Feature Level 11_0)
[2015.10.20-14.24.32:273][  0]LogD3D11RHI: Adapter has 1996MB of dedicated video memory, 0MB of dedicated system memory, and 2047MB of shared system memory, 1 output[s]
[2015.10.20-14.24.32:294][  0]LogD3D11RHI: Found D3D11 adapter 1: NVIDIA GeForce GT 630M     (Feature Level 11_0)
[2015.10.20-14.24.32:294][  0]LogD3D11RHI: Adapter has 1996MB of dedicated video memory, 0MB of dedicated system memory, and 2047MB of shared system memory, 0 output[s]
[2015.10.20-14.24.32:297][  0]LogD3D11RHI: Found D3D11 adapter 2: Microsoft Basic Render Driver (Feature Level 11_0)
[2015.10.20-14.24.32:297][  0]LogD3D11RHI: Adapter has 1996MB of dedicated video memory, 0MB of dedicated system memory, and 2047MB of shared system memory, 0 output[s]
[2015.10.20-14.24.32:297][  0]LogD3D11RHI: Chosen D3D11 Adapter Id = 0
[2015.10.20-14.24.32:304][  0]LogD3D11RHI: InitD3DDevice
[2015.10.20-14.24.32:304][  0]LogD3D11RHI: !Direct3DDevice
[2015.10.20-14.24.32:304][  0]LogRHI: Texture pool is 1361 MB (70% of 1945 MB)
[2015.10.20-14.24.32:320][  0]LogD3D11RHI: Async texture creation enabled
[2015.10.20-14.24.32:338][  0]LogShaderCompilers:Display: Using Local Shader Compiler.
[2015.10.20-14.24.33:367][  0]LogTemp:Display: Loaded TP DesktopTargetPlatform
[2015.10.20-14.24.33:386][  0]LogTemp:Display: Loaded TP WindowsClientTargetPlatform
[2015.10.20-14.24.33:407][  0]LogTemp:Display: Loaded TP WindowsNoEditorTargetPlatform
[2015.10.20-14.24.33:427][  0]LogTemp:Display: Loaded TP WindowsServerTargetPlatform
[2015.10.20-14.24.33:449][  0]LogTemp:Display: Loaded TP WindowsTargetPlatform
[2015.10.20-14.24.33:466][  0]LogTemp:Display: Loaded TP AndroidTargetPlatform
[2015.10.20-14.24.33:483][  0]LogTemp:Display: Loaded TP Android_ASTCTargetPlatform
[2015.10.20-14.24.33:498][  0]LogTemp:Display: Loaded TP Android_ATCTargetPlatform
[2015.10.20-14.24.33:515][  0]LogTemp:Display: Loaded TP Android_DXTTargetPlatform
[2015.10.20-14.24.33:532][  0]LogTemp:Display: Loaded TP Android_ETC1TargetPlatform
[2015.10.20-14.24.33:548][  0]LogTemp:Display: Loaded TP Android_ETC2TargetPlatform
[2015.10.20-14.24.33:565][  0]LogTemp:Display: Loaded TP Android_PVRTCTargetPlatform
[2015.10.20-14.24.33:625][  0]LogTemp:Display: Loaded TP IOSTargetPlatform
[2015.10.20-14.24.33:641][  0]LogTemp:Display: Loaded TP LinuxNoEditorTargetPlatform
[2015.10.20-14.24.33:657][  0]LogTemp:Display: Loaded TP LinuxServerTargetPlatform
[2015.10.20-14.24.33:677][  0]LogTemp:Display: Loaded TP LinuxTargetPlatform
[2015.10.20-14.24.33:677][  0]LogTargetPlatformManager:Display: Building Assets For Windows
[2015.10.20-14.24.33:960][  0]LogDerivedDataCache:Display: Max Cache Size: 512 MB
[2015.10.20-14.24.34:020][  0]LogDerivedDataCache: Loaded boot cache 0.06s 53MB C:/Users/mrcmo/AppData/Local/UnrealEngine/4.8/DerivedDataCache/Boot.ddc.
[2015.10.20-14.24.34:021][  0]LogDerivedDataCache:Display: Loaded Boot cache: C:/Users/mrcmo/AppData/Local/UnrealEngine/4.8/DerivedDataCache/Boot.ddc
[2015.10.20-14.24.34:021][  0]LogDerivedDataCache: FDerivedDataBackendGraph:  Pak pak cache file ../../../../../../Users/mrcmo/Documents/Unreal Projects/FPS_Game/DerivedDataCache/DDC.ddp not found, will not use a pak cache.
[2015.10.20-14.24.34:021][  0]LogDerivedDataCache: Unable to find inner node Pak for hierarchical cache Hierarchy.
[2015.10.20-14.24.34:021][  0]LogDerivedDataCache: FDerivedDataBackendGraph:  CompressedPak pak cache file ../../../../../../Users/mrcmo/Documents/Unreal Projects/FPS_Game/DerivedDataCache/Compressed.ddp not found, will not use a pak cache.
[2015.10.20-14.24.34:021][  0]LogDerivedDataCache: Unable to find inner node CompressedPak for hierarchical cache Hierarchy.
[2015.10.20-14.24.34:205][  0]LogDerivedDataCache:Display: Pak cache opened for reading ../../../Engine/DerivedDataCache/Compressed.ddp.
[2015.10.20-14.24.34:218][  0]LogDerivedDataCache: Using Local data cache path C:/Users/mrcmo/AppData/Local/UnrealEngine/Common/DerivedDataCache: Writable
[2015.10.20-14.24.34:515][  0]LogInit: Selected Device Profile: [Windows]
[2015.10.20-14.24.34:618][  0]ImportText (ComponentSweepMultiTests): Missing closing parenthesis: (RootShapeAsset="/Engine/BasicShapes/Cube.Cube",ShapeType="TriggerCapsule",HitResult=(Time=0.50,Location=(X=-100.000015,Y=0.0,Z=100.000015),ImpactPoint=(X=-50.0,Y=0.0,Z=50.0),Normal=(X=-1.0,Y=-0.0,Z=0.0),ImpactNormal=(X=0.0,Y=0.0,Z=1.0),TraceStart=(X=-200.0,Y=0.0,Z=200.0),TraceEnd=(X=0.0,Y=0.0,Z=0.0))
[2015.10.20-14.24.34:618][  0]ImportText (LineTraceSingleByChannelTests): Missing closing parenthesis: (RootShapeAsset="/Engine/BasicShapes/Cube.Cube",HitResult=(Time=0.50,Location=(X=-100.000015,Y=0.0,Z=100.000015),ImpactPoint=(X=-50.0,Y=0.0,Z=50.0),Normal=(X=-1.0,Y=-0.0,Z=0.0),ImpactNormal=(X=0.0,Y=0.0,Z=1.0),TraceStart=(X=-200.0,Y=0.0,Z=200.0),TraceEnd=(X=0.0,Y=0.0,Z=0.0))
[2015.10.20-14.24.34:654][  0]LogMeshUtilities: No automatic mesh reduction module available
[2015.10.20-14.24.34:654][  0]LogMeshUtilities: No automatic mesh merging module available
[2015.10.20-14.24.35:034][  0]LogInit: WinSock: version 1.1 (2.2), MaxSocks=32767, MaxUdp=65467
[2015.10.20-14.24.36:236][  0]UdpMessaging: Initializing bridge on interface 0.0.0.0:0 to multicast group 230.0.0.1:6666.
[2015.10.20-14.24.36:764][  0]SourceControl: Info Source control is disabled
[2015.10.20-14.24.36:765][  0]SourceControl: Info Source control is disabled
[2015.10.20-14.24.36:780][  0]SourceControl: Info Source control is disabled
[2015.10.20-14.24.36:796][  0]SourceControl: Info Source control is disabled
[2015.10.20-14.24.37:101][  0]LogObj: 26273 objects as part of root set at end of initial load.
[2015.10.20-14.24.37:101][  0]LogUObjectAllocator: 5409248 out of 0 bytes used by permanent object pool.
[2015.10.20-14.24.37:190][  0]LogEngine: Initializing Engine...
[2015.10.20-14.24.37:192][  0]LogHMD: Can't find Oculus library dev build: is proper Runtime installed? Version: 0.6.0.0
[2015.10.20-14.24.37:193][  0]LogHMD:Warning: SteamVR failed to initialize.  Error: 110
[2015.10.20-14.24.37:391][  0]LogAIModule: Creating AISystem for world NewWorld
[2015.10.20-14.24.37:395][  0]LogInit: XAudio2 using 'Głośniki (Realtek High Definition Audio)' : 2 channels at 48 kHz using 32 bits per sample (channel mask 0x3)
[2015.10.20-14.24.37:404][  0]LogInit: FAudioDevice initialized.
[2015.10.20-14.24.37:434][  0]LogDerivedDataCache: Saved boot cache 0.03s 53MB C:/Users/mrcmo/AppData/Local/UnrealEngine/4.8/DerivedDataCache/Boot.ddc.
[2015.10.20-14.24.37:441][  0]LogInit: Texture streaming: Disabled
[2015.10.20-14.24.37:473][  0]LogAnalytics: Creating configured Analytics provider AnalyticsET
[2015.10.20-14.24.37:474][  0]LogAnalytics: [UEEditor.Rocket.Release] APIServer = http://et2.epicgames.com/ET2/. AppVersion = 4.8.3-2634408+++depot+UE4-Releases+4.8
[2015.10.20-14.24.37:474][  0]LogAnalytics: [UEEditor.Rocket.Release] SetUserId 79bddb9f464d20ee9f177c986d77ef1a|9dd5e3bebceb455facde07c8901c54b2|2e2e6e00-0e59-40fc-8d54-e5025d4ae304
[2015.10.20-14.24.37:474][  0]LogAnalytics: [UEEditor.Rocket.Release] AnalyticsET::StartSession
[2015.10.20-14.24.37:510][  0]LogInit: Transaction tracking system initialized
[2015.10.20-14.24.37:704][  0]BlueprintLog: New page: Editor Load
[2015.10.20-14.24.37:751][  0]LogAssetRegistry: FAssetRegistry took 0.0106 seconds to start up
[2015.10.20-14.24.37:751][  0]LogDirectoryWatcher:Warning: Failed to begin reading directory changes for ../../../Engine/Plugins/Experimental/CharacterAI/Content/. Error: 0
[2015.10.20-14.24.39:049][  0]LogConsoleManager:Warning: Console variable 'r.VSync' wasn't set ('GameSetting' has a lower priority than 'SystemSettingsIni')
[2015.10.20-14.24.39:050][  0]LogConsoleResponse:Display: 
[2015.10.20-14.24.39:252][  0]LogCook:Display: Done creating registry. It took  0.00s.
[2015.10.20-14.24.39:579][  0]SourceControl: Info Source control is disabled
[2015.10.20-14.24.39:579][  0]Cmd: MAP LOAD FILE="../../../Engine/Content/Maps/Templates/Template_Default.umap" TEMPLATE=1 SHOWPROGRESS=1 FEATURELEVEL=3
[2015.10.20-14.24.39:580][  0]LightingResults: New page: Lighting Build
[2015.10.20-14.24.39:602][  0]MapCheck: New page: Map Check
[2015.10.20-14.24.39:602][  0]LightingResults: New page: Lighting Build
[2015.10.20-14.24.39:630][  0]LogParticles: Destroying 0 GPU particle simulations for FXSystem 0x000000FCF261A200
[2015.10.20-14.24.40:328][  0]LogAIModule: Creating AISystem for world Untitled_1
[2015.10.20-14.24.40:338][  0]LogEditorServer: Finished looking for orphan Actors (0.000 secs)
[2015.10.20-14.24.40:350][  0]Cmd: MAP CHECKDEP NOCLEARLOG
[2015.10.20-14.24.40:412][  0]MapCheck: Info Map check complete: 0 Error(s), 0 Warning(s), took 61.542ms to complete.
[2015.10.20-14.24.40:412][  0]LogFileHelpers: Loading map 'Template_Default' took 0.833
[2015.10.20-14.24.40:590][  0]LogCollectionManager: Loaded 0 collections in 0.004222 seconds
[2015.10.20-14.24.40:606][  0]LogContentBrowser: Native class hierarchy populated in 0.0159 seconds. Added 1792 classes and 301 folders.
[2015.10.20-14.24.40:737][  0]LogContentBrowser: Native class hierarchy updated for 'WidgetCarousel' in 0.0005 seconds. Added 0 classes and 0 folders.
[2015.10.20-14.24.41:231][  0]LogContentBrowser: Native class hierarchy updated for 'AddContentDialog' in 0.0004 seconds. Added 0 classes and 0 folders.
[2015.10.20-14.24.41:329][  0]LogContentBrowser: Native class hierarchy updated for 'SceneOutliner' in 0.0006 seconds. Added 1 classes and 2 folders.
[2015.10.20-14.24.41:600][  0]LogCrashTracker: Crashtracker disabled due to settings.
[2015.10.20-14.24.41:602][  0]LogD3D11RHI: InitD3DDevice
[2015.10.20-14.24.41:605][  0]LogUObjectGlobals:Warning: Failed to find object 'Class None.'
[2015.10.20-14.24.41:629][  0]LogLoad: Full Startup: 12.82 seconds (BP compile: 0.30 seconds)
[2015.10.20-14.24.41:760][  0]LogContentStreaming: Texture pool size is 0.000000MB
[2015.10.20-14.24.41:797][  0]LogContentStreaming: Texture pool size now 400 MB
[2015.10.20-14.24.42:134][  0]LogRenderer: Reallocating scene render targets to support 704x624 (Frame:2).
[2015.10.20-14.24.42:559][  8]LogAssetRegistry: Asset discovery search completed in 4.8187 seconds
[2015.10.20-14.24.53:752][213]LogD3D11RHI: InitD3DDevice
[2015.10.20-14.24.56:639][390]LogD3D11RHI: InitD3DDevice
[2015.10.20-14.25.00:357][390]LogUObjectGlobals:Warning: Guid is in use by ArrowComponent /Temp/Untitled_1.Untitled_1:PersistentLevel.LightSource.ArrowComponent0 and ArrowComponent /Game/Levels/Level_1.Level_1:PersistentLevel.LightSource.ArrowComponent0, which should never happen in the editor but could happen at runtime with duplicate level loading or PIE
[2015.10.20-14.25.00:357][390]LogUObjectGlobals:Warning: Guid is in use by ArrowComponent /Temp/Untitled_1.Untitled_1:PersistentLevel.PlayerStart.Arrow and ArrowComponent /Game/Levels/Level_1.Level_1:PersistentLevel.PlayerStart.Arrow, which should never happen in the editor but could happen at runtime with duplicate level loading or PIE
[2015.10.20-14.25.00:357][390]LogUObjectGlobals:Warning: Guid is in use by BillboardComponent /Temp/Untitled_1.Untitled_1:PersistentLevel.PlayerStart.Sprite and BillboardComponent /Game/Levels/Level_1.Level_1:PersistentLevel.PlayerStart.Sprite, which should never happen in the editor but could happen at runtime with duplicate level loading or PIE
[2015.10.20-14.25.00:357][390]LogUObjectGlobals:Warning: Guid is in use by BillboardComponent /Temp/Untitled_1.Untitled_1:PersistentLevel.PlayerStart.Sprite2 and BillboardComponent /Game/Levels/Level_1.Level_1:PersistentLevel.PlayerStart.Sprite2, which should never happen in the editor but could happen at runtime with duplicate level loading or PIE
[2015.10.20-14.25.00:357][390]LogUObjectGlobals:Warning: Guid is in use by BillboardComponent /Temp/Untitled_1.Untitled_1:PersistentLevel.SkyLight_1.Sprite and BillboardComponent /Game/Levels/Level_1.Level_1:PersistentLevel.SkyLight_1.Sprite, which should never happen in the editor but could happen at runtime with duplicate level loading or PIE
[2015.10.20-14.25.00:358][390]LogUObjectGlobals:Warning: Guid is in use by CapsuleComponent /Temp/Untitled_1.Untitled_1:PersistentLevel.PlayerStart.CollisionCapsule and CapsuleComponent /Game/Levels/Level_1.Level_1:PersistentLevel.PlayerStart.CollisionCapsule, which should never happen in the editor but could happen at runtime with duplicate level loading or PIE
[2015.10.20-14.25.00:358][390]LogUObjectGlobals:Warning: Guid is in use by DirectionalLightComponent /Temp/Untitled_1.Untitled_1:PersistentLevel.LightSource.LightComponent0 and DirectionalLightComponent /Game/Levels/Level_1.Level_1:PersistentLevel.LightSource.LightComponent0, which should never happen in the editor but could happen at runtime with duplicate level loading or PIE
[2015.10.20-14.25.00:382][390]LogUObjectGlobals:Warning: Guid is in use by SkyLightComponent /Temp/Untitled_1.Untitled_1:PersistentLevel.SkyLight_1.SkyLightComponent0 and SkyLightComponent /Game/Levels/Level_1.Level_1:PersistentLevel.SkyLight_1.SkyLightComponent0, which should never happen in the editor but could happen at runtime with duplicate level loading or PIE
[2015.10.20-14.25.01:738][390]LogAIModule: Creating AISystem for world Level_1
[2015.10.20-14.25.01:971][390]Cmd: MAP LOAD FILE="../../../../../../Users/mrcmo/Documents/Unreal Projects/FPS_Game/Content/Levels/Level_1.umap" TEMPLATE=0 SHOWPROGRESS=1 FEATURELEVEL=3
[2015.10.20-14.25.01:973][390]LightingResults: New page: Lighting Build
[2015.10.20-14.25.02:009][390]LoadErrors: New page: Loading map: Level_1.umap
[2015.10.20-14.25.02:009][390]MapCheck: New page: Map Check
[2015.10.20-14.25.02:009][390]LightingResults: New page: Lighting Build
[2015.10.20-14.25.02:037][390]LogParticles: Destroying 0 GPU particle simulations for FXSystem 0x000000FCE5247880
[2015.10.20-14.25.02:164][390]LogAIModule: Creating AISystem for world Level_1
[2015.10.20-14.25.02:272][390]LogEditorServer: Finished looking for orphan Actors (0.000 secs)
[2015.10.20-14.25.02:341][390]Cmd: MAP CHECKDEP NOCLEARLOG
[2015.10.20-14.25.02:421][390]MapCheck: Info Map check complete: 0 Error(s), 0 Warning(s), took 79.877ms to complete.
[2015.10.20-14.25.02:421][390]LogFileHelpers: Loading map 'Level_1' took 0.451
[2015.10.20-14.25.08:238][699]LogD3D11RHI: InitD3DDevice
[2015.10.20-14.25.09:171][699]LogLinker:Warning: Asset '../../../Engine/Content/ArtTools/RenderToTexture/Macros/RenderToTextureMacros.uasset' has been saved with empty engine version. The asset will be loaded but may be incompatible.
[2015.10.20-14.25.09:235][699]LogLinker:Warning: Asset '../../../Engine/Content/ArtTools/RenderToTexture/Enums/RenderToTexture_Enum.uasset' has been saved with empty engine version. The asset will be loaded but may be incompatible.
[2015.10.20-14.25.10:212][699]LogSkeletalMesh: InitArticulated: Bodies already created (/Engine/Transient.DebugSkelMeshComponent_0) - call TermArticulated first.
[2015.10.20-14.25.10:332][699]LogLinker:Warning: Asset '../../../Engine/Content/Tutorial/SubEditors/PersonaAnimEditorTutorial.uasset' has been saved with empty engine version. The asset will be loaded but may be incompatible.
[2015.10.20-14.25.16:298][999]LogD3D11RHI: InitD3DDevice
[2015.10.20-14.25.16:562][999]LogSkeletalMesh: InitArticulated: Bodies already created (/Engine/Transient.DebugSkelMeshComponent_2) - call TermArticulated first.
[2015.10.20-14.25.51:479][ 45]LogD3D11RHI: InitD3DDevice
[2015.10.20-14.25.56:774][336]LogD3D11RHI: InitD3DDevice
[2015.10.20-14.25.57:869][396]LogD3D11RHI: InitD3DDevice
[2015.10.20-14.26.04:252][740]LogD3D11RHI: InitD3DDevice
[2015.10.20-14.26.31:141][ 81]LogEditorTransaction: Undo Translate Socket
[2015.10.20-14.26.31:150][ 81]LogD3D11RHI: InitD3DDevice
[2015.10.20-14.27.15:393][181]LogD3D11RHI: InitD3DDevice
[2015.10.20-14.27.17:667][377]Cmd: MODE ROTGRID=0
[2015.10.20-14.27.24:259][751]LogD3D11RHI: InitD3DDevice
[2015.10.20-14.27.27:345][802]LogD3D11RHI: InitD3DDevice
[2015.10.20-14.27.39:995][183]LogRenderer: Reallocating scene render targets to support 864x624 (Frame:13385).
[2015.10.20-14.28.10:633][618]LogD3D11RHI: InitD3DDevice
[2015.10.20-14.28.13:625][775]LogD3D11RHI: InitD3DDevice
[2015.10.20-14.28.46:760][698]LogEditorTransaction: Undo Rotate Bone
[2015.10.20-14.28.46:792][698]LogD3D11RHI: InitD3DDevice
[2015.10.20-14.28.50:468][769]LogD3D11RHI: InitD3DDevice
[2015.10.20-14.29.08:513][271]LogD3D11RHI: InitD3DDevice
[2015.10.20-14.29.50:767][ 13]LogD3D11RHI: InitD3DDevice
[2015.10.20-14.31.03:127][592]LogD3D11RHI: InitD3DDevice
[2015.10.20-14.31.54:168][115]LogD3D11RHI: InitD3DDevice
[2015.10.20-14.33.05:382][108]LogD3D11RHI: InitD3DDevice
[2015.10.20-14.34.32:775][164]LogD3D11RHI: InitD3DDevice
[2015.10.20-14.34.37:555][493]LogD3D11RHI: InitD3DDevice
[2015.10.20-14.34.55:374][580]LogD3D11RHI: InitD3DDevice
[2015.10.20-14.35.12:040][584]LogEditorTransaction: Undo Rotate Bone
[2015.10.20-14.35.12:044][584]LogD3D11RHI: InitD3DDevice
[2015.10.20-14.36.54:552][802]LogD3D11RHI: InitD3DDevice
[2015.10.20-14.37.06:268][495]LogD3D11RHI: InitD3DDevice
[2015.10.20-14.37.16:147][997]LogD3D11RHI: InitD3DDevice
[2015.10.20-14.37.16:980][ 37]LogD3D11RHI: InitD3DDevice
[2015.10.20-14.37.17:712][ 69]LogD3D11RHI: InitD3DDevice
[2015.10.20-14.37.18:464][101]LogD3D11RHI: InitD3DDevice
[2015.10.20-14.40.07:692][591]Cmd: MODE SCALEGRID=0
[2015.10.20-14.40.39:314][168]LogD3D11RHI: InitD3DDevice
[2015.10.20-14.40.41:572][279]LogD3D11RHI: InitD3DDevice
[2015.10.20-14.41.18:596][851]LogD3D11RHI: InitD3DDevice
[2015.10.20-14.41.24:661][199]LogD3D11RHI: InitD3DDevice
[2015.10.20-14.41.35:281][881]LogD3D11RHI: InitD3DDevice
[2015.10.20-14.42.05:656][956]LogD3D11RHI: InitD3DDevice
[2015.10.20-14.43.59:448][749]LogD3D11RHI: InitD3DDevice
[2015.10.20-14.44.16:759][622]LogEditorTransaction: Undo Rotate Bone
[2015.10.20-14.44.16:778][622]LogD3D11RHI: InitD3DDevice
[2015.10.20-14.47.22:980][937]LogEditorTransaction: Undo Rotate Bone
[2015.10.20-14.47.22:997][937]LogD3D11RHI: InitD3DDevice
[2015.10.20-14.49.01:572][839]LogEditorTransaction: Undo Rotate Bone
[2015.10.20-14.49.01:595][839]LogD3D11RHI: InitD3DDevice
[2015.10.20-14.51.21:764][790]LogEditorTransaction: Undo Rotate Bone
[2015.10.20-14.51.21:782][790]LogD3D11RHI: InitD3DDevice
[2015.10.20-14.51.57:857][563]LogD3D11RHI: InitD3DDevice
[2015.10.20-14.52.15:721][330]LogD3D11RHI: InitD3DDevice
[2015.10.20-14.52.48:457][956]LogActorComponent: UnregisterComponent: (/Engine/Transient.CharMoveComp) Not registered. Aborting.
[2015.10.20-14.52.48:523][956]LogParticles: Destroying 0 GPU particle simulations for FXSystem 0x000000FC906AB920
[2015.10.20-14.52.48:524][956]LogParticles: Destroying 0 GPU particle simulations for FXSystem 0x000000FC889EBA60
[2015.10.20-14.52.48:525][956]LogParticles: Destroying 0 GPU particle simulations for FXSystem 0x000000FC889EB4C0
[2015.10.20-14.52.48:564][956]LogD3D11RHI: InitD3DDevice
[2015.10.20-14.52.48:594][956]Cmd: OBJ SAVEPACKAGE PACKAGE="/Game/Character/Player_Skeleton" FILE="../../../../../../Users/mrcmo/Documents/Unreal Projects/FPS_Game/Content/Character/Player_Skeleton.uasset" SILENT=true
[2015.10.20-14.52.48:818][956]LogSavePackage: Save=12.802349ms
[2015.10.20-14.52.48:818][956]LogSavePackage: Moving '../../../../../../Users/mrcmo/Documents/Unreal Projects/FPS_Game/Saved/Player_Skeleton29706479460357041E9BC0B2C11C5EF9.tmp' to '../../../../../../Users/mrcmo/Documents/Unreal Projects/FPS_Game/Content/Character/Player_Skeleton.uasset'
[2015.10.20-14.52.48:867][956]Cmd: OBJ SAVEPACKAGE PACKAGE="/Game/Character/Player" FILE="../../../../../../Users/mrcmo/Documents/Unreal Projects/FPS_Game/Content/Character/Player.uasset" SILENT=true
[2015.10.20-14.52.49:116][956]LogSavePackage: Save=115.696541ms
[2015.10.20-14.52.49:116][956]LogSavePackage: Moving '../../../../../../Users/mrcmo/Documents/Unreal Projects/FPS_Game/Saved/PlayerC827EDEA44AF160981FBCBB4CAF970C4.tmp' to '../../../../../../Users/mrcmo/Documents/Unreal Projects/FPS_Game/Content/Character/Player.uasset'
[2015.10.20-14.52.55:235][227]LogD3D11RHI: InitD3DDevice
[2015.10.20-14.52.55:268][227]Cmd: OBJ SAVEPACKAGE PACKAGE="/Game/Character/Player" FILE="../../../../../../Users/mrcmo/Documents/Unreal Projects/FPS_Game/Content/Character/Player.uasset" SILENT=true
[2015.10.20-14.52.55:423][227]LogSavePackage: Save=84.345253ms
[2015.10.20-14.52.55:423][227]LogSavePackage: Moving '../../../../../../Users/mrcmo/Documents/Unreal Projects/FPS_Game/Saved/Player6CD7E0F84CF0793C81A80F8FF83218EB.tmp' to '../../../../../../Users/mrcmo/Documents/Unreal Projects/FPS_Game/Content/Character/Player.uasset'
[2015.10.20-14.53.06:115][647]LogD3D11RHI: InitD3DDevice
[2015.10.20-14.53.06:967][695]LogD3D11RHI: InitD3DDevice
[2015.10.20-14.53.08:387][779]LogD3D11RHI: InitD3DDevice
[2015.10.20-14.53.11:669][922]LogD3D11RHI: InitD3DDevice
[2015.10.20-14.53.14:326][ 28]LogSkeletalMesh: InitArticulated: Bodies already created (/Engine/Transient.DebugSkelMeshComponent_5) - call TermArticulated first.
[2015.10.20-14.53.14:464][ 28]LogContentBrowser:Verbose: The majority of assets in the view are of type: AnimSequence
[2015.10.20-14.53.47:458][  1]LogD3D11RHI: InitD3DDevice
[2015.10.20-14.53.48:953][ 90]LogD3D11RHI: InitD3DDevice
[2015.10.20-14.53.51:439][234]LogD3D11RHI: InitD3DDevice
[2015.10.20-14.53.53:602][349]LogD3D11RHI: InitD3DDevice
[2015.10.20-14.53.54:772][415]LogD3D11RHI: InitD3DDevice
[2015.10.20-14.54.08:060][183]LogD3D11RHI: InitD3DDevice
[2015.10.20-14.54.09:656][278]LogD3D11RHI: InitD3DDevice
[2015.10.20-14.54.09:987][296]LogD3D11RHI: InitD3DDevice
[2015.10.20-14.54.16:039][648]LogD3D11RHI: InitD3DDevice
[2015.10.20-14.54.17:234][718]LogD3D11RHI: InitD3DDevice
[2015.10.20-14.54.59:104][103]LogEditorTransaction: Undo Translate Socket
[2015.10.20-14.54.59:107][103]LogD3D11RHI: InitD3DDevice
[2015.10.20-14.56.18:710][729]LogD3D11RHI: InitD3DDevice
[2015.10.20-14.56.23:301][995]LogD3D11RHI: InitD3DDevice
[2015.10.20-14.56.24:402][ 53]LogD3D11RHI: InitD3DDevice
[2015.10.20-14.56.27:562][218]LogD3D11RHI: InitD3DDevice
[2015.10.20-14.56.28:682][274]LogD3D11RHI: InitD3DDevice
[2015.10.20-14.56.31:431][413]LogD3D11RHI: InitD3DDevice
[2015.10.20-14.56.32:197][451]LogD3D11RHI: InitD3DDevice
[2015.10.20-14.56.33:704][523]LogD3D11RHI: InitD3DDevice
[2015.10.20-14.56.34:567][563]LogD3D11RHI: InitD3DDevice
[2015.10.20-14.56.35:063][582]LogD3D11RHI: InitD3DDevice
[2015.10.20-14.56.35:870][618]LogD3D11RHI: InitD3DDevice
[2015.10.20-14.56.36:981][666]LogD3D11RHI: InitD3DDevice
[2015.10.20-15.01.34:099][ 46]LogRenderer: Reallocating scene render targets to support 872x624 (Frame:126015).
[2015.10.20-15.01.52:036][304]LogD3D11RHI: InitD3DDevice
[2015.10.20-15.02.01:202][404]LogD3D11RHI: InitD3DDevice
[2015.10.20-15.02.01:730][404]LogParticles: Destroying 0 GPU particle simulations for FXSystem 0x000000FC92C86C00
[2015.10.20-15.02.01:732][404]LogParticles: Destroying 0 GPU particle simulations for FXSystem 0x000000FCBF2D3F60
[2015.10.20-15.02.01:733][404]LogParticles: Destroying 0 GPU particle simulations for FXSystem 0x000000FCA9E3B6A0
[2015.10.20-15.02.01:780][404]LogParticles: Destroying 0 GPU particle simulations for FXSystem 0x000000FCA9E3B060
[2015.10.20-15.02.01:780][404]LogFileHelpers: Editor autosave (incl. sublevels) for '/Game/Levels/Level_1' took 0.166
[2015.10.20-15.02.01:897][404]OBJ SavePackage: Generating thumbnails for [0] asset(s) in package [/Game/Character/Player_Skeleton] ([1] browsable assets)...
[2015.10.20-15.02.01:897][404]OBJ SavePackage: Finished generating thumbnails for package [/Game/Character/Player_Skeleton]
[2015.10.20-15.02.02:059][404]LogSavePackage: Save=20.022326ms
[2015.10.20-15.02.02:060][404]LogSavePackage: Moving '../../../../../../Users/mrcmo/Documents/Unreal Projects/FPS_Game/Saved/Player_Skeleton_Auto132D4EC2145824914B6A0AA9F22C38AD9.tmp' to '../../../../../../Users/mrcmo/Documents/Unreal Projects/FPS_Game/Saved/Autosaves/Game/Character/Player_Skeleton_Auto1.uasset'
[2015.10.20-15.02.02:075][404]OBJ SavePackage: Generating thumbnails for [0] asset(s) in package [/Game/MixamoAnimPack/Mixamo_SWAT/Anims/SWAT_Skeleton] ([1] browsable assets)...
[2015.10.20-15.02.02:075][404]OBJ SavePackage: Finished generating thumbnails for package [/Game/MixamoAnimPack/Mixamo_SWAT/Anims/SWAT_Skeleton]
[2015.10.20-15.02.02:224][404]LogSavePackage: Save=17.158474ms
[2015.10.20-15.02.02:224][404]LogSavePackage: Moving '../../../../../../Users/mrcmo/Documents/Unreal Projects/FPS_Game/Saved/SWAT_Skeleton_Auto1F6386FF64A66CE1CB19A4DA811D0E2A8.tmp' to '../../../../../../Users/mrcmo/Documents/Unreal Projects/FPS_Game/Saved/Autosaves/Game/MixamoAnimPack/Mixamo_SWAT/Anims/SWAT_Skeleton_Auto1.uasset'
[2015.10.20-15.02.02:240][404]OBJ SavePackage: Generating thumbnails for [1] asset(s) in package [/Game/MixamoAnimPack/Mixamo_SWAT/Anims/Idle_R_2_Copy] ([1] browsable assets)...
[2015.10.20-15.02.02:298][404]OBJ SavePackage:     Rendered thumbnail for [AnimSequence /Game/MixamoAnimPack/Mixamo_SWAT/Anims/Idle_R_2_Copy.Idle_R_2_Copy]
[2015.10.20-15.02.02:298][404]OBJ SavePackage: Finished generating thumbnails for package [/Game/MixamoAnimPack/Mixamo_SWAT/Anims/Idle_R_2_Copy]
[2015.10.20-15.02.02:360][404]LogSavePackage: Save=57.105827ms
[2015.10.20-15.02.02:361][404]LogSavePackage: Moving '../../../../../../Users/mrcmo/Documents/Unreal Projects/FPS_Game/Saved/Idle_R_2_Copy_Auto1D3450E99418120D1F94B01A3DACC139F.tmp' to '../../../../../../Users/mrcmo/Documents/Unreal Projects/FPS_Game/Saved/Autosaves/Game/MixamoAnimPack/Mixamo_SWAT/Anims/Idle_R_2_Copy_Auto1.uasset'
[2015.10.20-15.02.02:397][404]LogFileHelpers: Auto-saving content packages took 0.616
[2015.10.20-15.05.28:635][454]LogD3D11RHI: InitD3DDevice
[2015.10.20-15.05.42:175][ 60]LogD3D11RHI: InitD3DDevice
[2015.10.20-15.05.42:570][ 60]LogSkeletalMesh: InitArticulated: Bodies already created (/Engine/Transient.DebugSkelMeshComponent_8) - call TermArticulated first.
[2015.10.20-15.05.42:779][ 60]LogContentBrowser:Verbose: The majority of assets in the view are of type: AnimSequence
[2015.10.20-15.06.19:037][496]LogEditorTransaction: Undo Rotate Bone
[2015.10.20-15.06.19:058][496]LogD3D11RHI: InitD3DDevice
[2015.10.20-15.06.25:967][793]LogParticles: Destroying 0 GPU particle simulations for FXSystem 0x000000FC915DD580
[2015.10.20-15.06.25:970][793]LogParticles: Destroying 0 GPU particle simulations for FXSystem 0x000000FC8DD84180
[2015.10.20-15.06.25:971][793]LogParticles: Destroying 0 GPU particle simulations for FXSystem 0x000000FC922A0860
[2015.10.20-15.06.26:005][793]LogParticles: Destroying 0 GPU particle simulations for FXSystem 0x000000FCA9BEAD40
[2015.10.20-15.06.26:005][793]LogD3D11RHI: InitD3DDevice
[2015.10.20-15.06.26:048][793]Cmd: OBJ SAVEPACKAGE PACKAGE="/Game/Character/Player_Skeleton" FILE="../../../../../../Users/mrcmo/Documents/Unreal Projects/FPS_Game/Content/Character/Player_Skeleton.uasset" SILENT=true
[2015.10.20-15.06.26:162][793]LogSavePackage: Save=11.959534ms
[2015.10.20-15.06.26:162][793]LogSavePackage: Moving '../../../../../../Users/mrcmo/Documents/Unreal Projects/FPS_Game/Saved/Player_SkeletonE6608F454F8177757070AA95B09AEF6D.tmp' to '../../../../../../Users/mrcmo/Documents/Unreal Projects/FPS_Game/Content/Character/Player_Skeleton.uasset'
[2015.10.20-15.06.26:297][793]LogSavePackage: Save=11.082644ms
[2015.10.20-15.06.26:297][793]LogSavePackage: Moving '../../../../../../Users/mrcmo/Documents/Unreal Projects/FPS_Game/Saved/SWAT_Skeleton4D544906480189CF5B2A168DF0931696.tmp' to '../../../../../../Users/mrcmo/Documents/Unreal Projects/FPS_Game/Content/MixamoAnimPack/Mixamo_SWAT/Anims/SWAT_Skeleton.uasset'
[2015.10.20-15.06.26:406][793]LogSavePackage: Save=45.131924ms
[2015.10.20-15.06.26:406][793]LogSavePackage: Moving '../../../../../../Users/mrcmo/Documents/Unreal Projects/FPS_Game/Saved/Idle_R_2_Copy1A574D984B72B26D9B83E0ABD92383AE.tmp' to '../../../../../../Users/mrcmo/Documents/Unreal Projects/FPS_Game/Content/MixamoAnimPack/Mixamo_SWAT/Anims/Idle_R_2_Copy.uasset'
[2015.10.20-15.06.30:442][972]LogD3D11RHI: InitD3DDevice
[2015.10.20-15.06.31:706][972]LogD3D11RHI: InitD3DDevice
[2015.10.20-15.06.31:735][972]LogD3D11RHI: InitD3DDevice
[2015.10.20-15.06.31:755][972]LogD3D11RHI: InitD3DDevice
[2015.10.20-15.06.31:799][972]LogParticles: Destroying 0 GPU particle simulations for FXSystem 0x000000FC915DDA80
[2015.10.20-15.06.31:817][972]LogParticles: Destroying 0 GPU particle simulations for FXSystem 0x000000FCA9BE8B80
[2015.10.20-15.06.35:119][129]LogD3D11RHI: InitD3DDevice
[2015.10.20-15.06.48:263][703]LogD3D11RHI: InitD3DDevice
[2015.10.20-15.06.48:810][743]LogD3D11RHI: InitD3DDevice
[2015.10.20-15.06.49:884][837]LogD3D11RHI: InitD3DDevice
[2015.10.20-15.06.51:108][965]LogD3D11RHI: InitD3DDevice
[2015.10.20-15.06.54:267][112]LogD3D11RHI: InitD3DDevice
[2015.10.20-15.06.55:911][171]LogSkeletalMesh: InitArticulated: Bodies already created (/Engine/Transient.DebugSkelMeshComponent_13) - call TermArticulated first.
[2015.10.20-15.06.56:087][171]LogContentBrowser:Verbose: The majority of assets in the view are of type: AnimSequence
[2015.10.20-15.08.03:361][170]LogD3D11RHI: InitD3DDevice
[2015.10.20-15.08.04:182][234]LogD3D11RHI: InitD3DDevice
[2015.10.20-15.08.04:330][245]LogD3D11RHI: InitD3DDevice
[2015.10.20-15.08.05:519][371]LogD3D11RHI: InitD3DDevice
[2015.10.20-15.08.06:403][463]LogD3D11RHI: InitD3DDevice
[2015.10.20-15.08.08:527][558]LogD3D11RHI: InitD3DDevice
[2015.10.20-15.08.10:315][628]LogSkeletalMesh: InitArticulated: Bodies already created (/Engine/Transient.DebugSkelMeshComponent_18) - call TermArticulated first.
[2015.10.20-15.08.10:451][628]LogContentBrowser:Verbose: The majority of assets in the view are of type: AnimSequence
[2015.10.20-15.08.59:081][470]LogActorComponent: UnregisterComponent: (/Engine/Transient.CharMoveComp) Not registered. Aborting.
[2015.10.20-15.08.59:155][470]LogParticles: Destroying 0 GPU particle simulations for FXSystem 0x000000FCA9EF5760
[2015.10.20-15.08.59:155][470]LogParticles: Destroying 0 GPU particle simulations for FXSystem 0x000000FD075AF6A0
[2015.10.20-15.08.59:156][470]LogParticles: Destroying 0 GPU particle simulations for FXSystem 0x000000FCD5E72840
[2015.10.20-15.08.59:157][470]LogParticles: Destroying 0 GPU particle simulations for FXSystem 0x000000FCAAA287C0
[2015.10.20-15.08.59:157][470]LogParticles: Destroying 0 GPU particle simulations for FXSystem 0x000000FCAAA29BC0
[2015.10.20-15.08.59:158][470]LogParticles: Destroying 0 GPU particle simulations for FXSystem 0x000000FCA9ED9620
[2015.10.20-15.08.59:158][470]LogParticles: Destroying 0 GPU particle simulations for FXSystem 0x000000FCA9EDA700
[2015.10.20-15.08.59:159][470]LogParticles: Destroying 0 GPU particle simulations for FXSystem 0x000000FCAAA28D60
[2015.10.20-15.08.59:160][470]LogParticles: Destroying 0 GPU particle simulations for FXSystem 0x000000FCA9E389A0
[2015.10.20-15.08.59:161][470]LogParticles: Destroying 0 GPU particle simulations for FXSystem 0x000000FC92C84860
[2015.10.20-15.08.59:162][470]LogParticles: Destroying 0 GPU particle simulations for FXSystem 0x000000FC92C863E0
[2015.10.20-15.08.59:193][470]LogD3D11RHI: InitD3DDevice
[2015.10.20-15.09.00:364][470]LogD3D11RHI: InitD3DDevice
[2015.10.20-15.09.00:417][470]LogD3D11RHI: InitD3DDevice
[2015.10.20-15.09.00:509][470]LogParticles: Destroying 0 GPU particle simulations for FXSystem 0x000000FCA9E38540
[2015.10.20-15.09.04:346][668]LogD3D11RHI: InitD3DDevice
[2015.10.20-15.09.06:416][769]LogD3D11RHI: InitD3DDevice
[2015.10.20-15.09.06:664][780]LogD3D11RHI: InitD3DDevice
[2015.10.20-15.09.13:773][145]LogD3D11RHI: InitD3DDevice
[2015.10.20-15.10.37:391][167]LogD3D11RHI: InitD3DDevice
[2015.10.20-15.10.45:812][716]LogD3D11RHI: InitD3DDevice
[2015.10.20-15.10.46:804][769]LogD3D11RHI: InitD3DDevice
[2015.10.20-15.11.33:832][481]LogActorComponent: UnregisterComponent: (/Engine/Transient.CharMoveComp) Not registered. Aborting.
[2015.10.20-15.11.33:925][481]LogD3D11RHI: InitD3DDevice
[2015.10.20-15.11.33:953][481]Cmd: OBJ SAVEPACKAGE PACKAGE="/Game/Character/Player_Skeleton" FILE="../../../../../../Users/mrcmo/Documents/Unreal Projects/FPS_Game/Content/Character/Player_Skeleton.uasset" SILENT=true
[2015.10.20-15.11.34:058][481]LogSavePackage: Save=12.677548ms
[2015.10.20-15.11.34:058][481]LogSavePackage: Moving '../../../../../../Users/mrcmo/Documents/Unreal Projects/FPS_Game/Saved/Player_Skeleton286295834BF64CA1107BE9B6634EA76C.tmp' to '../../../../../../Users/mrcmo/Documents/Unreal Projects/FPS_Game/Content/Character/Player_Skeleton.uasset'
[2015.10.20-15.11.34:079][481]Cmd: OBJ SAVEPACKAGE PACKAGE="/Game/Character/Player" FILE="../../../../../../Users/mrcmo/Documents/Unreal Projects/FPS_Game/Content/Character/Player.uasset" SILENT=true
[2015.10.20-15.11.34:324][481]LogSavePackage: Save=101.009041ms
[2015.10.20-15.11.34:324][481]LogSavePackage: Moving '../../../../../../Users/mrcmo/Documents/Unreal Projects/FPS_Game/Saved/Player94D0DEA547BC64C46AEA859627D66916.tmp' to '../../../../../../Users/mrcmo/Documents/Unreal Projects/FPS_Game/Content/Character/Player.uasset'
[2015.10.20-15.11.34:443][481]LogSavePackage: Save=10.702083ms
[2015.10.20-15.11.34:443][481]LogSavePackage: Moving '../../../../../../Users/mrcmo/Documents/Unreal Projects/FPS_Game/Saved/SWAT_Skeleton46E3B2B64B4DFA97E3E18BAF25344265.tmp' to '../../../../../../Users/mrcmo/Documents/Unreal Projects/FPS_Game/Content/MixamoAnimPack/Mixamo_SWAT/Anims/SWAT_Skeleton.uasset'
[2015.10.20-15.11.43:871][912]LogD3D11RHI: InitD3DDevice
[2015.10.20-15.11.44:376][952]LogD3D11RHI: InitD3DDevice
[2015.10.20-15.11.45:226][ 36]LogD3D11RHI: InitD3DDevice
[2015.10.20-15.11.47:891][156]LogD3D11RHI: InitD3DDevice
[2015.10.20-15.11.52:578][361]LogD3D11RHI: InitD3DDevice
[2015.10.20-15.11.52:874][361]LogSkeletalMesh: InitArticulated: Bodies already created (/Engine/Transient.DebugSkelMeshComponent_23) - call TermArticulated first.
[2015.10.20-15.11.53:032][361]LogContentBrowser:Verbose: The majority of assets in the view are of type: AnimSequence
[2015.10.20-15.12.16:501][ 62]LogEditorTransaction: Undo Rotate Bone
[2015.10.20-15.12.16:514][ 62]LogD3D11RHI: InitD3DDevice
[2015.10.20-15.13.20:214][648]LogD3D11RHI: InitD3DDevice
[2015.10.20-15.13.21:494][723]LogD3D11RHI: InitD3DDevice
[2015.10.20-15.13.22:850][794]LogD3D11RHI: InitD3DDevice
[2015.10.20-15.13.25:840][966]LogD3D11RHI: InitD3DDevice
[2015.10.20-15.13.27:766][ 61]LogD3D11RHI: InitD3DDevice
[2015.10.20-15.13.28:786][118]LogD3D11RHI: InitD3DDevice
[2015.10.20-15.13.46:536][357]LogParticles: Destroying 0 GPU particle simulations for FXSystem 0x000000FC84E87420
[2015.10.20-15.13.46:560][357]LogParticles: Destroying 0 GPU particle simulations for FXSystem 0x000000FC84E84720
[2015.10.20-15.13.46:560][357]LogD3D11RHI: InitD3DDevice
[2015.10.20-15.13.46:590][357]Cmd: OBJ SAVEPACKAGE PACKAGE="/Game/Character/Player_Skeleton" FILE="../../../../../../Users/mrcmo/Documents/Unreal Projects/FPS_Game/Content/Character/Player_Skeleton.uasset" SILENT=true
[2015.10.20-15.13.46:658][357]LogSavePackage: Save=7.074237ms
[2015.10.20-15.13.46:658][357]LogSavePackage: Moving '../../../../../../Users/mrcmo/Documents/Unreal Projects/FPS_Game/Saved/Player_Skeleton8F2AFED94BC553B6C7E7B880280E3404.tmp' to '../../../../../../Users/mrcmo/Documents/Unreal Projects/FPS_Game/Content/Character/Player_Skeleton.uasset'
[2015.10.20-15.13.46:734][357]LogSavePackage: Save=6.019177ms
[2015.10.20-15.13.46:734][357]LogSavePackage: Moving '../../../../../../Users/mrcmo/Documents/Unreal Projects/FPS_Game/Saved/SWAT_Skeleton9D9685BE425F3DB04AA1809AAD560C81.tmp' to '../../../../../../Users/mrcmo/Documents/Unreal Projects/FPS_Game/Content/MixamoAnimPack/Mixamo_SWAT/Anims/SWAT_Skeleton.uasset'
[2015.10.20-15.13.46:797][357]LogSavePackage: Save=27.278015ms
[2015.10.20-15.13.46:797][357]LogSavePackage: Moving '../../../../../../Users/mrcmo/Documents/Unreal Projects/FPS_Game/Saved/Idle_R_2_CopyAC50042F43A1FA669BB13BA00EB0736E.tmp' to '../../../../../../Users/mrcmo/Documents/Unreal Projects/FPS_Game/Content/MixamoAnimPack/Mixamo_SWAT/Anims/Idle_R_2_Copy.uasset'
[2015.10.20-15.14.32:946][433]LogD3D11RHI: InitD3DDevice
[2015.10.20-15.14.33:468][470]LogD3D11RHI: InitD3DDevice
[2015.10.20-15.14.34:340][552]LogD3D11RHI: InitD3DDevice
[2015.10.20-15.14.47:958][147]LogD3D11RHI: InitD3DDevice
[2015.10.20-15.14.48:443][193]LogD3D11RHI: InitD3DDevice
[2015.10.20-15.14.49:260][268]LogD3D11RHI: InitD3DDevice
[2015.10.20-15.14.51:161][354]LogD3D11RHI: InitD3DDevice
[2015.10.20-15.14.53:559][455]LogSkeletalMesh: InitArticulated: Bodies already created (/Engine/Transient.DebugSkelMeshComponent_30) - call TermArticulated first.
[2015.10.20-15.14.53:697][455]LogContentBrowser:Verbose: The majority of assets in the view are of type: AnimSequence
[2015.10.20-15.16.52:491][892]LogD3D11RHI: InitD3DDevice
[2015.10.20-15.16.53:037][935]LogD3D11RHI: InitD3DDevice
[2015.10.20-15.16.53:570][976]LogD3D11RHI: InitD3DDevice
[2015.10.20-15.16.54:200][ 38]LogD3D11RHI: InitD3DDevice
[2015.10.20-15.16.56:363][138]LogD3D11RHI: InitD3DDevice
[2015.10.20-15.16.59:204][257]LogSkeletalMesh: InitArticulated: Bodies already created (/Engine/Transient.DebugSkelMeshComponent_35) - call TermArticulated first.
[2015.10.20-15.16.59:367][257]LogContentBrowser:Verbose: The majority of assets in the view are of type: AnimSequence
[2015.10.20-15.17.49:295][633]LogParticles: Destroying 0 GPU particle simulations for FXSystem 0x000000FD0777A7A0
[2015.10.20-15.17.49:295][633]LogParticles: Destroying 0 GPU particle simulations for FXSystem 0x000000FD0777AD40
[2015.10.20-15.17.49:296][633]LogParticles: Destroying 0 GPU particle simulations for FXSystem 0x000000FC82FD77E0
[2015.10.20-15.17.49:297][633]LogParticles: Destroying 0 GPU particle simulations for FXSystem 0x000000FC82FD4AE0
[2015.10.20-15.17.49:298][633]LogParticles: Destroying 0 GPU particle simulations for FXSystem 0x000000FC921F7E20
[2015.10.20-15.17.49:318][633]LogParticles: Destroying 0 GPU particle simulations for FXSystem 0x000000FC921F4860
[2015.10.20-15.17.49:319][633]LogD3D11RHI: InitD3DDevice
[2015.10.20-15.17.49:340][633]Cmd: OBJ SAVEPACKAGE PACKAGE="/Game/Character/Player_Skeleton" FILE="../../../../../../Users/mrcmo/Documents/Unreal Projects/FPS_Game/Content/Character/Player_Skeleton.uasset" SILENT=true
[2015.10.20-15.17.49:407][633]LogSavePackage: Save=7.337386ms
[2015.10.20-15.17.49:408][633]LogSavePackage: Moving '../../../../../../Users/mrcmo/Documents/Unreal Projects/FPS_Game/Saved/Player_Skeleton0FACA26D43412B3C00F642BC1238044E.tmp' to '../../../../../../Users/mrcmo/Documents/Unreal Projects/FPS_Game/Content/Character/Player_Skeleton.uasset'
[2015.10.20-15.17.49:425][633]Cmd: OBJ SAVEPACKAGE PACKAGE="/Game/Character/Player" FILE="../../../../../../Users/mrcmo/Documents/Unreal Projects/FPS_Game/Content/Character/Player.uasset" SILENT=true
[2015.10.20-15.17.49:556][633]LogSavePackage: Save=66.473282ms
[2015.10.20-15.17.49:556][633]LogSavePackage: Moving '../../../../../../Users/mrcmo/Documents/Unreal Projects/FPS_Game/Saved/Player74BAC38C4B917A03E2964AB5734DB10C.tmp' to '../../../../../../Users/mrcmo/Documents/Unreal Projects/FPS_Game/Content/Character/Player.uasset'
[2015.10.20-15.17.49:641][633]LogSavePackage: Save=7.558251ms
[2015.10.20-15.17.49:641][633]LogSavePackage: Moving '../../../../../../Users/mrcmo/Documents/Unreal Projects/FPS_Game/Saved/SWAT_Skeleton619EFCF149F45BD3D76E4192BAC395FC.tmp' to '../../../../../../Users/mrcmo/Documents/Unreal Projects/FPS_Game/Content/MixamoAnimPack/Mixamo_SWAT/Anims/SWAT_Skeleton.uasset'
[2015.10.20-15.17.49:704][633]LogSavePackage: Save=26.707790ms
[2015.10.20-15.17.49:704][633]LogSavePackage: Moving '../../../../../../Users/mrcmo/Documents/Unreal Projects/FPS_Game/Saved/Idle_R_2_Copy2E07C4FE14A448D8213D0FD8135F76982.tmp' to '../../../../../../Users/mrcmo/Documents/Unreal Projects/FPS_Game/Content/MixamoAnimPack/Mixamo_SWAT/Anims/Idle_R_2_Copy2.uasset'
[2015.10.20-15.17.49:766][633]LogSavePackage: Save=25.950775ms
[2015.10.20-15.17.49:766][633]LogSavePackage: Moving '../../../../../../Users/mrcmo/Documents/Unreal Projects/FPS_Game/Saved/Idle_R_2_Copy382FDB3944B200988064B9697E308D3DD.tmp' to '../../../../../../Users/mrcmo/Documents/Unreal Projects/FPS_Game/Content/MixamoAnimPack/Mixamo_SWAT/Anims/Idle_R_2_Copy3.uasset'
[2015.10.20-15.17.54:531][837]LogD3D11RHI: InitD3DDevice
[2015.10.20-15.17.58:426][ 97]LogParticles: Destroying 0 GPU particle simulations for FXSystem 0x000000FCA9E399E0
[2015.10.20-15.17.58:426][ 97]LogParticles: Destroying 0 GPU particle simulations for FXSystem 0x000000FCAAA29F80
[2015.10.20-15.17.58:427][ 97]LogParticles: Destroying 0 GPU particle simulations for FXSystem 0x000000FCA9CDA980
[2015.10.20-15.17.58:427][ 97]LogParticles: Destroying 0 GPU particle simulations for FXSystem 0x000000FCCAA2EDE0
[2015.10.20-15.17.58:428][ 97]LogParticles: Destroying 0 GPU particle simulations for FXSystem 0x000000FD1F117B00
[2015.10.20-15.17.58:428][ 97]LogParticles: Destroying 0 GPU particle simulations for FXSystem 0x000000FD1B67A980
[2015.10.20-15.17.58:429][ 97]LogParticles: Destroying 0 GPU particle simulations for FXSystem 0x000000FCD5E3F880
[2015.10.20-15.17.58:429][ 97]LogParticles: Destroying 0 GPU particle simulations for FXSystem 0x000000FCD5E3FC40
[2015.10.20-15.17.58:430][ 97]LogParticles: Destroying 0 GPU particle simulations for FXSystem 0x000000FCAA19D120
[2015.10.20-15.17.58:430][ 97]LogParticles: Destroying 0 GPU particle simulations for FXSystem 0x000000FC88622340
[2015.10.20-15.17.58:430][ 97]LogParticles: Destroying 0 GPU particle simulations for FXSystem 0x000000FC82FD5C60
[2015.10.20-15.17.58:431][ 97]LogParticles: Destroying 0 GPU particle simulations for FXSystem 0x000000FC82FD4360
[2015.10.20-15.17.58:449][ 97]LogD3D11RHI: InitD3DDevice
[2015.10.20-15.17.59:921][ 97]LogD3D11RHI: InitD3DDevice
[2015.10.20-15.17.59:968][ 97]LogD3D11RHI: InitD3DDevice
[2015.10.20-15.17.59:989][ 97]LogD3D11RHI: InitD3DDevice
[2015.10.20-15.18.05:347][337]LogD3D11RHI: InitD3DDevice
[2015.10.20-15.18.05:575][337]LogContentBrowser:Verbose: The majority of assets in the view are of type: AnimSequence
[2015.10.20-15.18.13:575][827]LogD3D11RHI: InitD3DDevice
[2015.10.20-15.18.14:060][868]LogD3D11RHI: InitD3DDevice
[2015.10.20-15.18.14:831][937]LogD3D11RHI: InitD3DDevice
[2015.10.20-15.18.17:078][ 40]LogD3D11RHI: InitD3DDevice
[2015.10.20-15.18.18:859][111]LogSkeletalMesh: InitArticulated: Bodies already created (/Engine/Transient.DebugSkelMeshComponent_42) - call TermArticulated first.
[2015.10.20-15.18.18:984][111]LogContentBrowser:Verbose: The majority of assets in the view are of type: AnimSequence
[2015.10.20-15.18.37:735][245]LogD3D11RHI: InitD3DDevice
[2015.10.20-15.18.38:230][272]LogD3D11RHI: InitD3DDevice
[2015.10.20-15.18.39:150][322]LogD3D11RHI: InitD3DDevice
[2015.10.20-15.18.52:574][100]LogD3D11RHI: InitD3DDevice
[2015.10.20-15.18.54:091][188]LogD3D11RHI: InitD3DDevice
[2015.10.20-15.18.59:667][510]LogD3D11RHI: InitD3DDevice
[2015.10.20-15.19.01:428][612]LogD3D11RHI: InitD3DDevice
[2015.10.20-15.19.06:552][903]LogD3D11RHI: InitD3DDevice
[2015.10.20-15.19.08:170][998]LogD3D11RHI: InitD3DDevice
[2015.10.20-15.19.17:653][497]LogActorComponent: UnregisterComponent: (/Engine/Transient.CharMoveComp) Not registered. Aborting.
[2015.10.20-15.19.17:695][497]LogParticles: Destroying 0 GPU particle simulations for FXSystem 0x000000FCAA19FD80
[2015.10.20-15.19.17:695][497]LogParticles: Destroying 0 GPU particle simulations for FXSystem 0x000000FCAA19ECA0
[2015.10.20-15.19.17:696][497]LogParticles: Destroying 0 GPU particle simulations for FXSystem 0x000000FC88623560
[2015.10.20-15.19.17:696][497]LogParticles: Destroying 0 GPU particle simulations for FXSystem 0x000000FC84FB79C0
[2015.10.20-15.19.17:697][497]LogParticles: Destroying 0 GPU particle simulations for FXSystem 0x000000FCA9EDBA60
[2015.10.20-15.19.17:697][497]LogParticles: Destroying 0 GPU particle simulations for FXSystem 0x000000FCA9EDBCE0
[2015.10.20-15.19.17:698][497]LogParticles: Destroying 0 GPU particle simulations for FXSystem 0x000000FCA9E7BC40
[2015.10.20-15.19.17:699][497]LogParticles: Destroying 0 GPU particle simulations for FXSystem 0x000000FCFD2F13A0
[2015.10.20-15.19.17:717][497]LogParticles: Destroying 0 GPU particle simulations for FXSystem 0x000000FCA55E0FE0
[2015.10.20-15.19.17:719][497]LogD3D11RHI: InitD3DDevice
[2015.10.20-15.19.18:904][497]LogD3D11RHI: InitD3DDevice
[2015.10.20-15.19.18:938][497]LogD3D11RHI: InitD3DDevice
[2015.10.20-15.19.19:873][533]LogD3D11RHI: InitD3DDevice
[2015.10.20-15.19.20:122][533]LogSkeletalMesh: InitArticulated: Bodies already created (/Engine/Transient.DebugSkelMeshComponent_45) - call TermArticulated first.
[2015.10.20-15.19.20:241][533]LogContentBrowser:Verbose: The majority of assets in the view are of type: AnimSequence
[2015.10.20-15.19.22:312][651]LogD3D11RHI: InitD3DDevice
[2015.10.20-15.19.52:057][919]LogD3D11RHI: InitD3DDevice
[2015.10.20-15.19.52:529][945]LogD3D11RHI: InitD3DDevice
[2015.10.20-15.19.53:333][992]LogD3D11RHI: InitD3DDevice
[2015.10.20-15.19.54:943][ 60]LogD3D11RHI: InitD3DDevice
[2015.10.20-15.19.57:058][141]LogSkeletalMesh: InitArticulated: Bodies already created (/Engine/Transient.DebugSkelMeshComponent_50) - call TermArticulated first.
[2015.10.20-15.19.57:208][141]LogContentBrowser:Verbose: The majority of assets in the view are of type: AnimSequence
[2015.10.20-15.20.43:866][841]LogActorComponent: UnregisterComponent: (/Engine/Transient.CharMoveComp) Not registered. Aborting.
[2015.10.20-15.20.43:925][841]LogParticles: Destroying 0 GPU particle simulations for FXSystem 0x000000FC909B9120
[2015.10.20-15.20.43:926][841]LogParticles: Destroying 0 GPU particle simulations for FXSystem 0x000000FCA9ED98A0
[2015.10.20-15.20.43:926][841]LogParticles: Destroying 0 GPU particle simulations for FXSystem 0x000000FCA95742C0
[2015.10.20-15.20.43:928][841]LogParticles: Destroying 0 GPU particle simulations for FXSystem 0x000000FCA9576D40
[2015.10.20-15.20.43:930][841]LogParticles: Destroying 0 GPU particle simulations for FXSystem 0x000000FC88E2D9E0
[2015.10.20-15.20.43:930][841]LogParticles: Destroying 0 GPU particle simulations for FXSystem 0x000000FCD8FCA3E0
[2015.10.20-15.20.43:931][841]LogParticles: Destroying 0 GPU particle simulations for FXSystem 0x000000FC921F5800
[2015.10.20-15.20.43:931][841]LogParticles: Destroying 0 GPU particle simulations for FXSystem 0x000000FC90686980
[2015.10.20-15.20.43:955][841]LogD3D11RHI: InitD3DDevice
[2015.10.20-15.20.45:208][841]LogD3D11RHI: InitD3DDevice
[2015.10.20-15.20.45:238][841]LogD3D11RHI: InitD3DDevice
[2015.10.20-15.20.59:341][457]LogActorComponent: UnregisterComponent: (/Engine/Transient.CharMoveComp) Not registered. Aborting.
[2015.10.20-15.20.59:426][457]LogD3D11RHI: InitD3DDevice
[2015.10.20-15.20.59:454][457]Cmd: OBJ SAVEPACKAGE PACKAGE="/Game/Character/Player_Skeleton" FILE="../../../../../../Users/mrcmo/Documents/Unreal Projects/FPS_Game/Content/Character/Player_Skeleton.uasset" SILENT=true
[2015.10.20-15.20.59:534][457]LogSavePackage: Save=8.863733ms
[2015.10.20-15.20.59:534][457]LogSavePackage: Moving '../../../../../../Users/mrcmo/Documents/Unreal Projects/FPS_Game/Saved/Player_Skeleton534ACAD740040C70F0D6B98F91B2BD55.tmp' to '../../../../../../Users/mrcmo/Documents/Unreal Projects/FPS_Game/Content/Character/Player_Skeleton.uasset'
[2015.10.20-15.20.59:553][457]Cmd: OBJ SAVEPACKAGE PACKAGE="/Game/Character/Player" FILE="../../../../../../Users/mrcmo/Documents/Unreal Projects/FPS_Game/Content/Character/Player.uasset" SILENT=true
[2015.10.20-15.20.59:716][457]LogSavePackage: Save=88.104469ms
[2015.10.20-15.20.59:716][457]LogSavePackage: Moving '../../../../../../Users/mrcmo/Documents/Unreal Projects/FPS_Game/Saved/PlayerF576046244A456679AE4C1A35AD9FA0F.tmp' to '../../../../../../Users/mrcmo/Documents/Unreal Projects/FPS_Game/Content/Character/Player.uasset'
[2015.10.20-15.20.59:819][457]LogSavePackage: Save=8.728259ms
[2015.10.20-15.20.59:819][457]LogSavePackage: Moving '../../../../../../Users/mrcmo/Documents/Unreal Projects/FPS_Game/Saved/SWAT_Skeleton413EAEA2424EE06D278A40BEBA94AB6A.tmp' to '../../../../../../Users/mrcmo/Documents/Unreal Projects/FPS_Game/Content/MixamoAnimPack/Mixamo_SWAT/Anims/SWAT_Skeleton.uasset'
[2015.10.20-15.21.02:412][570]LogD3D11RHI: InitD3DDevice
[2015.10.20-15.21.03:047][606]LogD3D11RHI: InitD3DDevice
[2015.10.20-15.21.03:769][648]LogD3D11RHI: InitD3DDevice
[2015.10.20-15.21.05:981][746]LogD3D11RHI: InitD3DDevice
[2015.10.20-15.21.07:884][817]LogSkeletalMesh: InitArticulated: Bodies already created (/Engine/Transient.DebugSkelMeshComponent_55) - call TermArticulated first.
[2015.10.20-15.21.08:005][817]LogContentBrowser:Verbose: The majority of assets in the view are of type: AnimSequence
[2015.10.20-15.21.25:554][667]LogParticles: Destroying 0 GPU particle simulations for FXSystem 0x000000FCA55E37E0
[2015.10.20-15.21.25:555][667]LogParticles: Destroying 0 GPU particle simulations for FXSystem 0x000000FCC6587920
[2015.10.20-15.21.25:556][667]LogParticles: Destroying 0 GPU particle simulations for FXSystem 0x000000FC88E2F600
[2015.10.20-15.21.25:557][667]LogParticles: Destroying 0 GPU particle simulations for FXSystem 0x000000FC88E2F4C0
[2015.10.20-15.21.25:558][667]LogParticles: Destroying 0 GPU particle simulations for FXSystem 0x000000FC906854E0
[2015.10.20-15.21.25:578][667]LogParticles: Destroying 0 GPU particle simulations for FXSystem 0x000000FCD8FC99E0
[2015.10.20-15.21.25:581][667]LogD3D11RHI: InitD3DDevice
[2015.10.20-15.21.27:039][667]LogD3D11RHI: InitD3DDevice
[2015.10.20-15.21.27:067][667]LogD3D11RHI: InitD3DDevice
[2015.10.20-15.21.27:999][705]LogD3D11RHI: InitD3DDevice
[2015.10.20-15.21.28:543][736]LogD3D11RHI: InitD3DDevice
[2015.10.20-15.21.29:137][771]LogD3D11RHI: InitD3DDevice
[2015.10.20-15.21.31:378][872]LogD3D11RHI: InitD3DDevice
[2015.10.20-15.21.33:513][955]LogSkeletalMesh: InitArticulated: Bodies already created (/Engine/Transient.DebugSkelMeshComponent_60) - call TermArticulated first.
[2015.10.20-15.21.33:640][955]LogContentBrowser:Verbose: The majority of assets in the view are of type: AnimSequence
[2015.10.20-15.22.18:790][650]LogD3D11RHI: InitD3DDevice
[2015.10.20-15.22.21:347][800]LogD3D11RHI: InitD3DDevice
[2015.10.20-15.22.52:425][507]LogD3D11RHI: InitD3DDevice
[2015.10.20-15.22.52:815][507]LogSkeletalMesh: InitArticulated: Bodies already created (/Engine/Transient.DebugSkelMeshComponent_63) - call TermArticulated first.
[2015.10.20-15.22.53:066][507]LogContentBrowser:Verbose: The majority of assets in the view are of type: AnimSequence
[2015.10.20-15.23.03:906][ 96]LogActorComponent: UnregisterComponent: (/Engine/Transient.CharMoveComp) Not registered. Aborting.
[2015.10.20-15.23.03:964][ 96]LogParticles: Destroying 0 GPU particle simulations for FXSystem 0x000000FCA94B4CC0
[2015.10.20-15.23.03:964][ 96]LogParticles: Destroying 0 GPU particle simulations for FXSystem 0x000000FCA55E2FC0
[2015.10.20-15.23.03:965][ 96]LogParticles: Destroying 0 GPU particle simulations for FXSystem 0x000000FCC6585C60
[2015.10.20-15.23.03:966][ 96]LogParticles: Destroying 0 GPU particle simulations for FXSystem 0x000000FCC65862A0
[2015.10.20-15.23.03:968][ 96]LogParticles: Destroying 0 GPU particle simulations for FXSystem 0x000000FCA9E39F80
[2015.10.20-15.23.03:969][ 96]LogParticles: Destroying 0 GPU particle simulations for FXSystem 0x000000FCA95771A0
[2015.10.20-15.23.03:970][ 96]LogParticles: Destroying 0 GPU particle simulations for FXSystem 0x000000FCA9577B00
[2015.10.20-15.23.03:970][ 96]LogParti